[debug] [2025-02-02T15:15:29.501Z] ----------------------------------------------------------------------
[debug] [2025-02-02T15:15:29.502Z] Command:       /Users/tishibashi/.anyenv/envs/nodenv/versions/18.20.3/bin/node /Users/tishibashi/.anyenv/envs/nodenv/versions/18.20.3/bin/firebase deploy --only functions:scheduledGetEventFunction
[debug] [2025-02-02T15:15:29.502Z] CLI Version:   13.11.2
[debug] [2025-02-02T15:15:29.503Z] Platform:      darwin
[debug] [2025-02-02T15:15:29.503Z] Node Version:  v18.20.3
[debug] [2025-02-02T15:15:29.508Z] Time:          Mon Feb 03 2025 00:15:29 GMT+0900 (日本標準時)
[debug] [2025-02-02T15:15:29.508Z] ----------------------------------------------------------------------
[debug] 
[debug] [2025-02-02T15:15:29.556Z] > command requires scopes: ["email","openid","https://www.googleapis.com/auth/cloudplatformprojects.readonly","https://www.googleapis.com/auth/firebase","https://www.googleapis.com/auth/cloud-platform"]
[debug] [2025-02-02T15:15:29.557Z] > authorizing via signed-in user (mohupor03@gmail.com)
[debug] [2025-02-02T15:15:29.557Z] [iam] checking project zenn-hackathon-b8dca for permissions ["cloudfunctions.functions.create","cloudfunctions.functions.delete","cloudfunctions.functions.get","cloudfunctions.functions.list","cloudfunctions.functions.update","cloudfunctions.operations.get","firebase.projects.get"]
[debug] [2025-02-02T15:15:29.558Z] >>> [apiv2][query] POST https://cloudresourcemanager.googleapis.com/v1/projects/zenn-hackathon-b8dca:testIamPermissions [none]
[debug] [2025-02-02T15:15:29.558Z] >>> [apiv2][(partial)header] POST https://cloudresourcemanager.googleapis.com/v1/projects/zenn-hackathon-b8dca:testIamPermissions x-goog-quota-user=projects/zenn-hackathon-b8dca
[debug] [2025-02-02T15:15:29.559Z] >>> [apiv2][body] POST https://cloudresourcemanager.googleapis.com/v1/projects/zenn-hackathon-b8dca:testIamPermissions {"permissions":["cloudfunctions.functions.create","cloudfunctions.functions.delete","cloudfunctions.functions.get","cloudfunctions.functions.list","cloudfunctions.functions.update","cloudfunctions.operations.get","firebase.projects.get"]}
[debug] [2025-02-02T15:15:30.389Z] <<< [apiv2][status] POST https://cloudresourcemanager.googleapis.com/v1/projects/zenn-hackathon-b8dca:testIamPermissions 200
[debug] [2025-02-02T15:15:30.390Z] <<< [apiv2][body] POST https://cloudresourcemanager.googleapis.com/v1/projects/zenn-hackathon-b8dca:testIamPermissions {"permissions":["cloudfunctions.functions.create","cloudfunctions.functions.delete","cloudfunctions.functions.get","cloudfunctions.functions.list","cloudfunctions.functions.update","cloudfunctions.operations.get","firebase.projects.get"]}
[debug] [2025-02-02T15:15:30.390Z] >>> [apiv2][query] POST https://iam.googleapis.com/v1/projects/zenn-hackathon-b8dca/serviceAccounts/zenn-hackathon-b8dca@appspot.gserviceaccount.com:testIamPermissions [none]
[debug] [2025-02-02T15:15:30.390Z] >>> [apiv2][body] POST https://iam.googleapis.com/v1/projects/zenn-hackathon-b8dca/serviceAccounts/zenn-hackathon-b8dca@appspot.gserviceaccount.com:testIamPermissions {"permissions":["iam.serviceAccounts.actAs"]}
[debug] [2025-02-02T15:15:30.801Z] <<< [apiv2][status] POST https://iam.googleapis.com/v1/projects/zenn-hackathon-b8dca/serviceAccounts/zenn-hackathon-b8dca@appspot.gserviceaccount.com:testIamPermissions 404
[debug] [2025-02-02T15:15:30.801Z] <<< [apiv2][body] POST https://iam.googleapis.com/v1/projects/zenn-hackathon-b8dca/serviceAccounts/zenn-hackathon-b8dca@appspot.gserviceaccount.com:testIamPermissions {"error":{"code":404,"message":"Unknown service account","status":"NOT_FOUND"}}
[debug] [2025-02-02T15:15:30.802Z] [functions] service account IAM check errored, deploy may fail: HTTP Error: 404, Unknown service account {"name":"FirebaseError","children":[],"context":{"body":{"error":{"code":404,"message":"Unknown service account","status":"NOT_FOUND"}},"response":{"statusCode":404}},"exit":1,"message":"HTTP Error: 404, Unknown service account","status":404}
[info] 
[info] === Deploying to 'zenn-hackathon-b8dca'...
[info] 
[info] i  deploying functions 
[info] Running command: npm --prefix "$RESOURCE_DIR" run build
[info] ✔  functions: Finished running predeploy script. 
[debug] [2025-02-02T15:15:33.595Z] >>> [apiv2][query] GET https://firebase.googleapis.com/v1beta1/projects/zenn-hackathon-b8dca [none]
[debug] [2025-02-02T15:15:34.012Z] <<< [apiv2][status] GET https://firebase.googleapis.com/v1beta1/projects/zenn-hackathon-b8dca 200
[debug] [2025-02-02T15:15:34.012Z] <<< [apiv2][body] GET https://firebase.googleapis.com/v1beta1/projects/zenn-hackathon-b8dca {"projectId":"zenn-hackathon-b8dca","projectNumber":"253129916463","displayName":"zenn-hackathon","name":"projects/zenn-hackathon-b8dca","resources":{"hostingSite":"zenn-hackathon-b8dca","realtimeDatabaseInstance":"zenn-hackathon-b8dca-default-rtdb"},"state":"ACTIVE","etag":"1_89d7f57f-e254-4742-ad14-1830078654b4"}
[info] i  functions: preparing codebase default for deployment 
[info] i  functions: ensuring required API cloudfunctions.googleapis.com is enabled... 
[info] i  functions: ensuring required API cloudbuild.googleapis.com is enabled... 
[info] i  artifactregistry: ensuring required API artifactregistry.googleapis.com is enabled... 
[debug] [2025-02-02T15:15:34.013Z] >>> [apiv2][query] GET https://serviceusage.googleapis.com/v1/projects/zenn-hackathon-b8dca/services/cloudfunctions.googleapis.com [none]
[debug] [2025-02-02T15:15:34.013Z] >>> [apiv2][(partial)header] GET https://serviceusage.googleapis.com/v1/projects/zenn-hackathon-b8dca/services/cloudfunctions.googleapis.com x-goog-quota-user=projects/zenn-hackathon-b8dca
[debug] [2025-02-02T15:15:34.014Z] >>> [apiv2][query] GET https://serviceusage.googleapis.com/v1/projects/zenn-hackathon-b8dca/services/runtimeconfig.googleapis.com [none]
[debug] [2025-02-02T15:15:34.014Z] >>> [apiv2][(partial)header] GET https://serviceusage.googleapis.com/v1/projects/zenn-hackathon-b8dca/services/runtimeconfig.googleapis.com x-goog-quota-user=projects/zenn-hackathon-b8dca
[debug] [2025-02-02T15:15:34.015Z] >>> [apiv2][query] GET https://serviceusage.googleapis.com/v1/projects/zenn-hackathon-b8dca/services/cloudbuild.googleapis.com [none]
[debug] [2025-02-02T15:15:34.015Z] >>> [apiv2][(partial)header] GET https://serviceusage.googleapis.com/v1/projects/zenn-hackathon-b8dca/services/cloudbuild.googleapis.com x-goog-quota-user=projects/zenn-hackathon-b8dca
[debug] [2025-02-02T15:15:34.015Z] >>> [apiv2][query] GET https://serviceusage.googleapis.com/v1/projects/zenn-hackathon-b8dca/services/artifactregistry.googleapis.com [none]
[debug] [2025-02-02T15:15:34.015Z] >>> [apiv2][(partial)header] GET https://serviceusage.googleapis.com/v1/projects/zenn-hackathon-b8dca/services/artifactregistry.googleapis.com x-goog-quota-user=projects/zenn-hackathon-b8dca
[debug] [2025-02-02T15:15:35.039Z] <<< [apiv2][status] GET https://serviceusage.googleapis.com/v1/projects/zenn-hackathon-b8dca/services/cloudfunctions.googleapis.com 200
[debug] [2025-02-02T15:15:35.039Z] <<< [apiv2][body] GET https://serviceusage.googleapis.com/v1/projects/zenn-hackathon-b8dca/services/cloudfunctions.googleapis.com [omitted]
[info] ✔  functions: required API cloudfunctions.googleapis.com is enabled 
[debug] [2025-02-02T15:15:35.044Z] <<< [apiv2][status] GET https://serviceusage.googleapis.com/v1/projects/zenn-hackathon-b8dca/services/artifactregistry.googleapis.com 200
[debug] [2025-02-02T15:15:35.044Z] <<< [apiv2][body] GET https://serviceusage.googleapis.com/v1/projects/zenn-hackathon-b8dca/services/artifactregistry.googleapis.com [omitted]
[info] ✔  artifactregistry: required API artifactregistry.googleapis.com is enabled 
[debug] [2025-02-02T15:15:35.063Z] <<< [apiv2][status] GET https://serviceusage.googleapis.com/v1/projects/zenn-hackathon-b8dca/services/runtimeconfig.googleapis.com 200
[debug] [2025-02-02T15:15:35.063Z] <<< [apiv2][body] GET https://serviceusage.googleapis.com/v1/projects/zenn-hackathon-b8dca/services/runtimeconfig.googleapis.com [omitted]
[debug] [2025-02-02T15:15:35.064Z] <<< [apiv2][status] GET https://serviceusage.googleapis.com/v1/projects/zenn-hackathon-b8dca/services/cloudbuild.googleapis.com 200
[debug] [2025-02-02T15:15:35.064Z] <<< [apiv2][body] GET https://serviceusage.googleapis.com/v1/projects/zenn-hackathon-b8dca/services/cloudbuild.googleapis.com [omitted]
[info] ✔  functions: required API cloudbuild.googleapis.com is enabled 
[debug] [2025-02-02T15:15:35.064Z] >>> [apiv2][query] GET https://firebase.googleapis.com/v1beta1/projects/zenn-hackathon-b8dca/adminSdkConfig [none]
[debug] [2025-02-02T15:15:35.474Z] <<< [apiv2][status] GET https://firebase.googleapis.com/v1beta1/projects/zenn-hackathon-b8dca/adminSdkConfig 200
[debug] [2025-02-02T15:15:35.474Z] <<< [apiv2][body] GET https://firebase.googleapis.com/v1beta1/projects/zenn-hackathon-b8dca/adminSdkConfig {"projectId":"zenn-hackathon-b8dca","databaseURL":"https://zenn-hackathon-b8dca-default-rtdb.firebaseio.com","storageBucket":"zenn-hackathon-b8dca.firebasestorage.app"}
[debug] [2025-02-02T15:15:35.474Z] >>> [apiv2][query] GET https://runtimeconfig.googleapis.com/v1beta1/projects/zenn-hackathon-b8dca/configs [none]
[debug] [2025-02-02T15:15:35.856Z] <<< [apiv2][status] GET https://runtimeconfig.googleapis.com/v1beta1/projects/zenn-hackathon-b8dca/configs 200
[debug] [2025-02-02T15:15:35.856Z] <<< [apiv2][body] GET https://runtimeconfig.googleapis.com/v1beta1/projects/zenn-hackathon-b8dca/configs {}
[debug] [2025-02-02T15:15:35.857Z] Validating nodejs source
[warn] ⚠  functions: Runtime Node.js 18 will be deprecated on 2025-04-30 and will be decommissioned on 2025-10-31, after which you will not be able to deploy without upgrading. Consider upgrading now to avoid disruption. See https://cloud.google.com/functions/docs/runtime-support for full details on the lifecycle policy 
[warn] ⚠  functions: package.json indicates an outdated version of firebase-functions. Please upgrade using npm install --save firebase-functions@latest in your functions directory. 
[warn] ⚠  functions: Please note that there will be breaking changes when you upgrade. 
[debug] [2025-02-02T15:15:36.496Z] > [functions] package.json contents: {
  "name": "functions",
  "scripts": {
    "lint": "NODE_ENV=production node_modules/.bin/eslint --no-error-on-unmatched-pattern src/**/*.ts",
    "build": "tsc",
    "build:watch": "tsc --watch",
    "serve": "npm run build && firebase emulators:start --only functions",
    "shell": "npm run build && firebase functions:shell",
    "start": "npm run shell",
    "deploy": "firebase deploy --only functions",
    "logs": "firebase functions:log"
  },
  "engines": {
    "node": "18"
  },
  "main": "lib/index.js",
  "dependencies": {
    "@genkit-ai/googleai": "^0.9.12",
    "@genkit-ai/vertexai": "^0.9.12",
    "firebase-admin": "^12.1.0",
    "firebase-functions": "^4.7.0",
    "genkit": "^0.9.12"
  },
  "devDependencies": {
    "@typescript-eslint/eslint-plugin": "5.12.0",
    "@typescript-eslint/parser": "5.12.0",
    "eslint": "8.57.1",
    "eslint-config-google": "^0.14.0",
    "eslint-plugin-import": "^2.25.4",
    "firebase-functions-test": "^3.1.0",
    "typescript": "^4.9.0"
  },
  "private": true
}
[debug] [2025-02-02T15:15:36.496Z] Building nodejs source
[info] i  functions: Loading and analyzing source code for codebase default to determine what to deploy 
[debug] [2025-02-02T15:15:36.497Z] Could not find functions.yaml. Must use http discovery
[debug] [2025-02-02T15:15:36.503Z] Found firebase-functions binary at '/Users/tishibashi/Documents/Project/ai-event-guide/functions/node_modules/.bin/firebase-functions'
[info] Serving at port 8303

[debug] [2025-02-02T15:15:38.635Z] Got response from /__/functions.yaml {"endpoints":{"scheduledGetEventFunction":{"availableMemoryMb":null,"timeoutSeconds":null,"minInstances":null,"maxInstances":null,"ingressSettings":null,"concurrency":null,"serviceAccountEmail":null,"vpc":null,"platform":"gcfv2","region":["asia-northeast1"],"secretEnvironmentVariables":[{"key":"GOOGLE_GENAI_API_KEY"}],"labels":{},"scheduleTrigger":{"schedule":"0 0 * * *","retryConfig":{}},"entryPoint":"scheduledGetEventFunction"}},"specVersion":"v1alpha1","requiredAPIs":[{"api":"cloudscheduler.googleapis.com","reason":"Needed for scheduled functions."}]}
[info] i  functions: preparing functions directory for uploading... 
[info] i  functions: packaged /Users/tishibashi/Documents/Project/ai-event-guide/functions (92.52 KB) for uploading 
[debug] [2025-02-02T15:15:38.691Z] >>> [apiv2][query] GET https://cloudfunctions.googleapis.com/v1/projects/zenn-hackathon-b8dca/locations/-/functions [none]
[debug] [2025-02-02T15:15:39.872Z] <<< [apiv2][status] GET https://cloudfunctions.googleapis.com/v1/projects/zenn-hackathon-b8dca/locations/-/functions 200
[debug] [2025-02-02T15:15:39.872Z] <<< [apiv2][body] GET https://cloudfunctions.googleapis.com/v1/projects/zenn-hackathon-b8dca/locations/-/functions {}
[debug] [2025-02-02T15:15:39.873Z] >>> [apiv2][query] GET https://cloudfunctions.googleapis.com/v2/projects/zenn-hackathon-b8dca/locations/-/functions filter=environment%3D%22GEN_2%22
[debug] [2025-02-02T15:15:41.444Z] <<< [apiv2][status] GET https://cloudfunctions.googleapis.com/v2/projects/zenn-hackathon-b8dca/locations/-/functions 200
[debug] [2025-02-02T15:15:41.445Z] <<< [apiv2][body] GET https://cloudfunctions.googleapis.com/v2/projects/zenn-hackathon-b8dca/locations/-/functions {"functions":[{"name":"projects/zenn-hackathon-b8dca/locations/asia-northeast1/functions/function-1","buildConfig":{"build":"projects/253129916463/locations/asia-northeast1/builds/53e8a5be-dd1a-4e37-ae0d-b845b1f7c3f3","runtime":"nodejs20","entryPoint":"helloHttp","source":{"storageSource":{"bucket":"gcf-v2-sources-253129916463-asia-northeast1","object":"function-1/function-source.zip","generation":"1738507335549279"}},"dockerRepository":"projects/zenn-hackathon-b8dca/locations/asia-northeast1/repositories/gcf-artifacts","sourceProvenance":{"resolvedStorageSource":{"bucket":"gcf-v2-sources-253129916463-asia-northeast1","object":"function-1/function-source.zip","generation":"1738507335549279"}},"dockerRegistry":"ARTIFACT_REGISTRY","serviceAccount":"projects/zenn-hackathon-b8dca/serviceAccounts/253129916463-compute@developer.gserviceaccount.com","automaticUpdatePolicy":{}},"serviceConfig":{"service":"projects/zenn-hackathon-b8dca/locations/asia-northeast1/services/function-1","timeoutSeconds":60,"environmentVariables":{"LOG_EXECUTION_ID":"true"},"maxInstanceCount":59,"ingressSettings":"ALLOW_ALL","uri":"https://function-1-hqfg3f47ya-an.a.run.app","serviceAccountEmail":"253129916463-compute@developer.gserviceaccount.com","availableMemory":"256Mi","allTrafficOnLatestRevision":true,"revision":"function-1-00001-pid","maxInstanceRequestConcurrency":1,"availableCpu":"167m"},"state":"ACTIVE","updateTime":"2025-02-02T14:43:05.624934326Z","labels":{"deployment-tool":"console-cloud"},"environment":"GEN_2","url":"https://asia-northeast1-zenn-hackathon-b8dca.cloudfunctions.net/function-1","createTime":"2025-02-02T14:42:15.974492531Z"},{"name":"projects/zenn-hackathon-b8dca/locations/asia-northeast1/functions/scheduleGetEventFunction","buildConfig":{"build":"projects/253129916463/locations/asia-northeast1/builds/51ac752f-37a7-48e6-8d4b-24a179a0e49c","runtime":"nodejs18","entryPoint":"scheduleGetEventFunction","source":{"storageSource":{"bucket":"gcf-v2-sources-253129916463-asia-northeast1","object":"scheduleGetEventFunction/function-source.zip","generation":"1738507700248722"}},"environmentVariables":{"GOOGLE_NODE_RUN_SCRIPTS":""},"dockerRepository":"projects/zenn-hackathon-b8dca/locations/asia-northeast1/repositories/gcf-artifacts","sourceProvenance":{"resolvedStorageSource":{"bucket":"gcf-v2-sources-253129916463-asia-northeast1","object":"scheduleGetEventFunction/function-source.zip","generation":"1738507700248722"}},"dockerRegistry":"ARTIFACT_REGISTRY","serviceAccount":"projects/zenn-hackathon-b8dca/serviceAccounts/253129916463-compute@developer.gserviceaccount.com","automaticUpdatePolicy":{}},"state":"FAILED","updateTime":"2025-02-02T14:49:44.917143418Z","labels":{"deployment-tool":"cli-firebase","deployment-scheduled":"true","firebase-functions-hash":"64d715ced97c79f21e180c427da720beb051aa6c"},"stateMessages":[{"severity":"ERROR","type":"CloudRunServiceNotFound","message":"Cloud Run service projects/zenn-hackathon-b8dca/locations/asia-northeast1/services/schedulegeteventfunction for the function was not found. The function will not work correctly. Please redeploy."}],"environment":"GEN_2","url":"https://asia-northeast1-zenn-hackathon-b8dca.cloudfunctions.net/scheduleGetEventFunction","createTime":"2025-02-02T14:48:20.842316491Z"},{"name":"projects/zenn-hackathon-b8dca/locations/asia-northeast1/functions/scheduledGetEventFunction","buildConfig":{"build":"projects/253129916463/locations/asia-northeast1/builds/1a71e2f3-d506-4965-ab99-45c7a08298e6","runtime":"nodejs18","entryPoint":"scheduledGetEventFunction","source":{"storageSource":{"bucket":"gcf-v2-sources-253129916463-asia-northeast1","object":"scheduledGetEventFunction/function-source.zip","generation":"1738507426746137"}},"environmentVariables":{"GOOGLE_NODE_RUN_SCRIPTS":""},"dockerRepository":"projects/zenn-hackathon-b8dca/locations/asia-northeast1/repositories/gcf-artifacts","serviceAccount":"projects/zenn-hackathon-b8dca/serviceAccounts/253129916463-compute@developer.gserviceaccount.com","automaticUpdatePolicy":{}},"serviceConfig":{"service":"projects/zenn-hackathon-b8dca/locations/asia-northeast1/services/scheduledgeteventfunction","timeoutSeconds":540,"environmentVariables":{"FIREBASE_CONFIG":"{\"projectId\":\"zenn-hackathon-b8dca\",\"databaseURL\":\"https://zenn-hackathon-b8dca-default-rtdb.firebaseio.com\",\"storageBucket\":\"zenn-hackathon-b8dca.firebasestorage.app\"}","GCLOUD_PROJECT":"zenn-hackathon-b8dca","EVENTARC_CLOUD_EVENT_SOURCE":"projects/zenn-hackathon-b8dca/locations/asia-northeast1/services/scheduledGetEventFunction","FUNCTION_TARGET":"scheduledGetEventFunction","LOG_EXECUTION_ID":"true"},"maxInstanceCount":1,"ingressSettings":"ALLOW_ALL","serviceAccountEmail":"253129916463-compute@developer.gserviceaccount.com","availableMemory":"1024Mi","allTrafficOnLatestRevision":true,"secretEnvironmentVariables":[{"key":"GOOGLE_GENAI_API_KEY","projectId":"zenn-hackathon-b8dca","secret":"GOOGLE_GENAI_API_KEY","version":"1"}],"revision":"scheduledgeteventfunction-00007-vik","maxInstanceRequestConcurrency":1,"availableCpu":"1"},"state":"ACTIVE","updateTime":"2025-02-02T14:44:42.099972893Z","labels":{"deployment":"scheduled","deployment-tool":"cli-firebase","deployment-scheduled":"true","firebase-functions-hash":"b1bdb0b2af095d95c6cdde56a70d4a6fc24a337e"},"environment":"GEN_2","url":"https://asia-northeast1-zenn-hackathon-b8dca.cloudfunctions.net/scheduledGetEventFunction","createTime":"2025-02-02T14:14:26.920067996Z"}]}
[info] i  functions: ensuring required API cloudscheduler.googleapis.com is enabled... 
[debug] [2025-02-02T15:15:41.446Z] >>> [apiv2][query] GET https://serviceusage.googleapis.com/v1/projects/zenn-hackathon-b8dca/services/cloudscheduler.googleapis.com [none]
[debug] [2025-02-02T15:15:41.446Z] >>> [apiv2][(partial)header] GET https://serviceusage.googleapis.com/v1/projects/zenn-hackathon-b8dca/services/cloudscheduler.googleapis.com x-goog-quota-user=projects/zenn-hackathon-b8dca
[debug] [2025-02-02T15:15:42.470Z] <<< [apiv2][status] GET https://serviceusage.googleapis.com/v1/projects/zenn-hackathon-b8dca/services/cloudscheduler.googleapis.com 200
[debug] [2025-02-02T15:15:42.471Z] <<< [apiv2][body] GET https://serviceusage.googleapis.com/v1/projects/zenn-hackathon-b8dca/services/cloudscheduler.googleapis.com [omitted]
[info] ✔  functions: required API cloudscheduler.googleapis.com is enabled 
[info] i  functions: ensuring required API run.googleapis.com is enabled... 
[info] i  functions: ensuring required API eventarc.googleapis.com is enabled... 
[info] i  functions: ensuring required API pubsub.googleapis.com is enabled... 
[info] i  functions: ensuring required API storage.googleapis.com is enabled... 
[debug] [2025-02-02T15:15:42.471Z] >>> [apiv2][query] GET https://serviceusage.googleapis.com/v1/projects/zenn-hackathon-b8dca/services/run.googleapis.com [none]
[debug] [2025-02-02T15:15:42.471Z] >>> [apiv2][(partial)header] GET https://serviceusage.googleapis.com/v1/projects/zenn-hackathon-b8dca/services/run.googleapis.com x-goog-quota-user=projects/zenn-hackathon-b8dca
[debug] [2025-02-02T15:15:42.472Z] >>> [apiv2][query] GET https://serviceusage.googleapis.com/v1/projects/zenn-hackathon-b8dca/services/eventarc.googleapis.com [none]
[debug] [2025-02-02T15:15:42.472Z] >>> [apiv2][(partial)header] GET https://serviceusage.googleapis.com/v1/projects/zenn-hackathon-b8dca/services/eventarc.googleapis.com x-goog-quota-user=projects/zenn-hackathon-b8dca
[debug] [2025-02-02T15:15:42.473Z] >>> [apiv2][query] GET https://serviceusage.googleapis.com/v1/projects/zenn-hackathon-b8dca/services/pubsub.googleapis.com [none]
[debug] [2025-02-02T15:15:42.473Z] >>> [apiv2][(partial)header] GET https://serviceusage.googleapis.com/v1/projects/zenn-hackathon-b8dca/services/pubsub.googleapis.com x-goog-quota-user=projects/zenn-hackathon-b8dca
[debug] [2025-02-02T15:15:42.474Z] >>> [apiv2][query] GET https://serviceusage.googleapis.com/v1/projects/zenn-hackathon-b8dca/services/storage.googleapis.com [none]
[debug] [2025-02-02T15:15:42.474Z] >>> [apiv2][(partial)header] GET https://serviceusage.googleapis.com/v1/projects/zenn-hackathon-b8dca/services/storage.googleapis.com x-goog-quota-user=projects/zenn-hackathon-b8dca
[debug] [2025-02-02T15:15:43.534Z] <<< [apiv2][status] GET https://serviceusage.googleapis.com/v1/projects/zenn-hackathon-b8dca/services/eventarc.googleapis.com 200
[debug] [2025-02-02T15:15:43.534Z] <<< [apiv2][body] GET https://serviceusage.googleapis.com/v1/projects/zenn-hackathon-b8dca/services/eventarc.googleapis.com [omitted]
[info] ✔  functions: required API eventarc.googleapis.com is enabled 
[debug] [2025-02-02T15:15:43.534Z] <<< [apiv2][status] GET https://serviceusage.googleapis.com/v1/projects/zenn-hackathon-b8dca/services/pubsub.googleapis.com 200
[debug] [2025-02-02T15:15:43.534Z] <<< [apiv2][body] GET https://serviceusage.googleapis.com/v1/projects/zenn-hackathon-b8dca/services/pubsub.googleapis.com [omitted]
[info] ✔  functions: required API pubsub.googleapis.com is enabled 
[debug] [2025-02-02T15:15:43.535Z] <<< [apiv2][status] GET https://serviceusage.googleapis.com/v1/projects/zenn-hackathon-b8dca/services/storage.googleapis.com 200
[debug] [2025-02-02T15:15:43.535Z] <<< [apiv2][body] GET https://serviceusage.googleapis.com/v1/projects/zenn-hackathon-b8dca/services/storage.googleapis.com [omitted]
[info] ✔  functions: required API storage.googleapis.com is enabled 
[debug] [2025-02-02T15:15:43.535Z] <<< [apiv2][status] GET https://serviceusage.googleapis.com/v1/projects/zenn-hackathon-b8dca/services/run.googleapis.com 200
[debug] [2025-02-02T15:15:43.535Z] <<< [apiv2][body] GET https://serviceusage.googleapis.com/v1/projects/zenn-hackathon-b8dca/services/run.googleapis.com [omitted]
[info] ✔  functions: required API run.googleapis.com is enabled 
[info] i  functions: generating the service identity for pubsub.googleapis.com... 
[info] i  functions: generating the service identity for eventarc.googleapis.com... 
[debug] [2025-02-02T15:15:43.536Z] >>> [apiv2][query] POST https://serviceusage.googleapis.com/v1beta1/projects/253129916463/services/pubsub.googleapis.com:generateServiceIdentity [none]
[debug] [2025-02-02T15:15:43.537Z] >>> [apiv2][query] POST https://serviceusage.googleapis.com/v1beta1/projects/253129916463/services/eventarc.googleapis.com:generateServiceIdentity [none]
[debug] [2025-02-02T15:15:44.139Z] <<< [apiv2][status] POST https://serviceusage.googleapis.com/v1beta1/projects/253129916463/services/eventarc.googleapis.com:generateServiceIdentity 200
[debug] [2025-02-02T15:15:44.139Z] <<< [apiv2][body] POST https://serviceusage.googleapis.com/v1beta1/projects/253129916463/services/eventarc.googleapis.com:generateServiceIdentity {"name":"operations/finished.DONE_OPERATION","done":true,"response":{"@type":"type.googleapis.com/google.api.serviceusage.v1beta1.ServiceIdentity","email":"service-253129916463@gcp-sa-eventarc.iam.gserviceaccount.com","uniqueId":"103881700427761429705"}}
[debug] [2025-02-02T15:15:44.650Z] <<< [apiv2][status] POST https://serviceusage.googleapis.com/v1beta1/projects/253129916463/services/pubsub.googleapis.com:generateServiceIdentity 200
[debug] [2025-02-02T15:15:44.650Z] <<< [apiv2][body] POST https://serviceusage.googleapis.com/v1beta1/projects/253129916463/services/pubsub.googleapis.com:generateServiceIdentity {"name":"operations/finished.DONE_OPERATION","done":true,"response":{"@type":"type.googleapis.com/google.api.serviceusage.v1beta1.ServiceIdentity","email":"service-253129916463@gcp-sa-pubsub.iam.gserviceaccount.com","uniqueId":"107976128174062793558"}}
[debug] [2025-02-02T15:15:44.651Z] >>> [apiv2][query] GET https://secretmanager.googleapis.com/v1/projects/zenn-hackathon-b8dca/secrets/GOOGLE_GENAI_API_KEY/versions/latest [none]
[debug] [2025-02-02T15:15:45.075Z] <<< [apiv2][status] GET https://secretmanager.googleapis.com/v1/projects/zenn-hackathon-b8dca/secrets/GOOGLE_GENAI_API_KEY/versions/latest 200
[debug] [2025-02-02T15:15:45.076Z] <<< [apiv2][body] GET https://secretmanager.googleapis.com/v1/projects/zenn-hackathon-b8dca/secrets/GOOGLE_GENAI_API_KEY/versions/latest {"name":"projects/253129916463/secrets/GOOGLE_GENAI_API_KEY/versions/1","createTime":"2025-02-02T06:53:27.510933Z","state":"ENABLED","replicationStatus":{"automatic":{}},"etag":"\"162d233b9cf395\"","clientSpecifiedPayloadChecksum":true}
[debug] [2025-02-02T15:15:45.076Z] Resolved secret version of GOOGLE_GENAI_API_KEY to 1.
[debug] [2025-02-02T15:15:45.077Z] >>> [apiv2][query] GET https://firebase.googleapis.com/v1beta1/projects/zenn-hackathon-b8dca [none]
[debug] [2025-02-02T15:15:45.431Z] <<< [apiv2][status] GET https://firebase.googleapis.com/v1beta1/projects/zenn-hackathon-b8dca 200
[debug] [2025-02-02T15:15:45.431Z] <<< [apiv2][body] GET https://firebase.googleapis.com/v1beta1/projects/zenn-hackathon-b8dca {"projectId":"zenn-hackathon-b8dca","projectNumber":"253129916463","displayName":"zenn-hackathon","name":"projects/zenn-hackathon-b8dca","resources":{"hostingSite":"zenn-hackathon-b8dca","realtimeDatabaseInstance":"zenn-hackathon-b8dca-default-rtdb"},"state":"ACTIVE","etag":"1_89d7f57f-e254-4742-ad14-1830078654b4"}
[debug] [2025-02-02T15:15:45.432Z] >>> [apiv2][query] POST https://cloudfunctions.googleapis.com/v2/projects/zenn-hackathon-b8dca/locations/asia-northeast1/functions:generateUploadUrl [none]
[debug] [2025-02-02T15:15:46.258Z] <<< [apiv2][status] POST https://cloudfunctions.googleapis.com/v2/projects/zenn-hackathon-b8dca/locations/asia-northeast1/functions:generateUploadUrl 200
[debug] [2025-02-02T15:15:46.258Z] <<< [apiv2][body] POST https://cloudfunctions.googleapis.com/v2/projects/zenn-hackathon-b8dca/locations/asia-northeast1/functions:generateUploadUrl {"uploadUrl":"https://storage.googleapis.com/gcf-v2-uploads-253129916463.asia-northeast1.cloudfunctions.appspot.com/e0df856e-2905-4e12-b63c-4267dd544ac5.zip?GoogleAccessId=service-253129916463@gcf-admin-robot.iam.gserviceaccount.com&Expires=1738511146&Signature=TS3hp5%2FH2Frp2A3ajp0XjOaoTBKUpqRze9%2BVM2Jdoe%2FU17%2B%2BH4wHxpIS7ajlM67FDP1b87F6KTe35ip0YsW2nCH%2Bd6kgjQATarVokVh4KVzcfnjGMaLasbIEFUvWQSJnh5lRzDhmUc1blF67aBN3s%2FgdAivKKyzA09vOJ1Uou5BUoqfc%2Fr1BSKxcVAprksCItvj1yQOE%2FrnjVPiDNNoUvZQioj00qbINqIPWQRxYNa%2BIVU4zLy%2FDLiGvvpiK46NHbk%2BNRYI%2F8HwaKt3mTkYqavyeCFVVztMhwG55sAhxGvPGsrdhHhlRp%2FfQcXKMGIVpupuwwVFiDgD3lTIuSnZd6A%3D%3D","storageSource":{"bucket":"gcf-v2-uploads-253129916463.asia-northeast1.cloudfunctions.appspot.com","object":"e0df856e-2905-4e12-b63c-4267dd544ac5.zip"}}
[debug] [2025-02-02T15:15:46.259Z] >>> [apiv2][query] PUT https://storage.googleapis.com/gcf-v2-uploads-253129916463.asia-northeast1.cloudfunctions.appspot.com/e0df856e-2905-4e12-b63c-4267dd544ac5.zip GoogleAccessId=service-253129916463%40gcf-admin-robot.iam.gserviceaccount.com&Expires=1738511146&Signature=TS3hp5%2FH2Frp2A3ajp0XjOaoTBKUpqRze9%2BVM2Jdoe%2FU17%2B%2BH4wHxpIS7ajlM67FDP1b87F6KTe35ip0YsW2nCH%2Bd6kgjQATarVokVh4KVzcfnjGMaLasbIEFUvWQSJnh5lRzDhmUc1blF67aBN3s%2FgdAivKKyzA09vOJ1Uou5BUoqfc%2Fr1BSKxcVAprksCItvj1yQOE%2FrnjVPiDNNoUvZQioj00qbINqIPWQRxYNa%2BIVU4zLy%2FDLiGvvpiK46NHbk%2BNRYI%2F8HwaKt3mTkYqavyeCFVVztMhwG55sAhxGvPGsrdhHhlRp%2FfQcXKMGIVpupuwwVFiDgD3lTIuSnZd6A%3D%3D
[debug] [2025-02-02T15:15:46.259Z] >>> [apiv2][body] PUT https://storage.googleapis.com/gcf-v2-uploads-253129916463.asia-northeast1.cloudfunctions.appspot.com/e0df856e-2905-4e12-b63c-4267dd544ac5.zip [stream]
[debug] [2025-02-02T15:15:46.513Z] <<< [apiv2][status] PUT https://storage.googleapis.com/gcf-v2-uploads-253129916463.asia-northeast1.cloudfunctions.appspot.com/e0df856e-2905-4e12-b63c-4267dd544ac5.zip 200
[debug] [2025-02-02T15:15:46.513Z] <<< [apiv2][body] PUT https://storage.googleapis.com/gcf-v2-uploads-253129916463.asia-northeast1.cloudfunctions.appspot.com/e0df856e-2905-4e12-b63c-4267dd544ac5.zip [omitted]
[info] ✔  functions: functions folder uploaded successfully 
[info] i  functions: updating Node.js 18 (2nd Gen) function scheduledGetEventFunction(asia-northeast1)... 
[debug] [2025-02-02T15:15:46.516Z] >>> [apiv2][query] PATCH https://cloudfunctions.googleapis.com/v2/projects/zenn-hackathon-b8dca/locations/asia-northeast1/functions/scheduledGetEventFunction updateMask=name%2CbuildConfig.runtime%2CbuildConfig.entryPoint%2CbuildConfig.source.storageSource.bucket%2CbuildConfig.source.storageSource.object%2CbuildConfig.environmentVariables%2CserviceConfig.environmentVariables%2CserviceConfig.secretEnvironmentVariables%2CserviceConfig.ingressSettings%2CserviceConfig.timeoutSeconds%2CserviceConfig.serviceAccountEmail%2CserviceConfig.availableMemory%2CserviceConfig.minInstanceCount%2CserviceConfig.maxInstanceCount%2CserviceConfig.maxInstanceRequestConcurrency%2CserviceConfig.availableCpu%2CserviceConfig.vpcConnector%2CserviceConfig.vpcConnectorEgressSettings%2Clabels%2CbuildConfig.buildEnvironmentVariables
[debug] [2025-02-02T15:15:46.516Z] >>> [apiv2][body] PATCH https://cloudfunctions.googleapis.com/v2/projects/zenn-hackathon-b8dca/locations/asia-northeast1/functions/scheduledGetEventFunction {"name":"projects/zenn-hackathon-b8dca/locations/asia-northeast1/functions/scheduledGetEventFunction","buildConfig":{"runtime":"nodejs18","entryPoint":"scheduledGetEventFunction","source":{"storageSource":{"bucket":"gcf-v2-uploads-253129916463.asia-northeast1.cloudfunctions.appspot.com","object":"e0df856e-2905-4e12-b63c-4267dd544ac5.zip"}},"environmentVariables":{"GOOGLE_NODE_RUN_SCRIPTS":""}},"serviceConfig":{"environmentVariables":{"FIREBASE_CONFIG":"{\"projectId\":\"zenn-hackathon-b8dca\",\"databaseURL\":\"https://zenn-hackathon-b8dca-default-rtdb.firebaseio.com\",\"storageBucket\":\"zenn-hackathon-b8dca.firebasestorage.app\"}","GCLOUD_PROJECT":"zenn-hackathon-b8dca","EVENTARC_CLOUD_EVENT_SOURCE":"projects/zenn-hackathon-b8dca/locations/asia-northeast1/services/scheduledGetEventFunction","FUNCTION_TARGET":"scheduledGetEventFunction","LOG_EXECUTION_ID":"true"},"secretEnvironmentVariables":[{"key":"GOOGLE_GENAI_API_KEY","secret":"GOOGLE_GENAI_API_KEY","projectId":"zenn-hackathon-b8dca","version":"1"}],"ingressSettings":null,"timeoutSeconds":null,"serviceAccountEmail":null,"availableMemory":"256Mi","minInstanceCount":null,"maxInstanceCount":null,"maxInstanceRequestConcurrency":80,"availableCpu":"1","vpcConnector":null,"vpcConnectorEgressSettings":null},"labels":{"deployment-tool":"cli-firebase","deployment-scheduled":"true","firebase-functions-hash":"3def7590a1a7e5a28fa5ceed2bd151c5a23689eb"}}
[debug] [2025-02-02T15:15:48.316Z] <<< [apiv2][status] PATCH https://cloudfunctions.googleapis.com/v2/projects/zenn-hackathon-b8dca/locations/asia-northeast1/functions/scheduledGetEventFunction 200
[debug] [2025-02-02T15:15:48.317Z] <<< [apiv2][body] PATCH https://cloudfunctions.googleapis.com/v2/projects/zenn-hackathon-b8dca/locations/asia-northeast1/functions/scheduledGetEventFunction {"name":"projects/zenn-hackathon-b8dca/locations/asia-northeast1/operations/operation-1738509347079-62d2a4012455e-d1f5b1f3-3029a859","metadata":{"@type":"type.googleapis.com/google.cloud.functions.v2.OperationMetadata","createTime":"2025-02-02T15:15:48.249473252Z","target":"projects/zenn-hackathon-b8dca/locations/asia-northeast1/functions/scheduledGetEventFunction","verb":"update","cancelRequested":false,"apiVersion":"v2"},"done":false}
[debug] [2025-02-02T15:15:48.317Z] >>> [apiv2][query] GET https://cloudfunctions.googleapis.com/v2/projects/zenn-hackathon-b8dca/locations/asia-northeast1/operations/operation-1738509347079-62d2a4012455e-d1f5b1f3-3029a859 [none]
[debug] [2025-02-02T15:15:48.938Z] <<< [apiv2][status] GET https://cloudfunctions.googleapis.com/v2/projects/zenn-hackathon-b8dca/locations/asia-northeast1/operations/operation-1738509347079-62d2a4012455e-d1f5b1f3-3029a859 200
[debug] [2025-02-02T15:15:48.938Z] <<< [apiv2][body] GET https://cloudfunctions.googleapis.com/v2/projects/zenn-hackathon-b8dca/locations/asia-northeast1/operations/operation-1738509347079-62d2a4012455e-d1f5b1f3-3029a859 {"name":"projects/zenn-hackathon-b8dca/locations/asia-northeast1/operations/operation-1738509347079-62d2a4012455e-d1f5b1f3-3029a859","metadata":{"@type":"type.googleapis.com/google.cloud.functions.v2.OperationMetadata","createTime":"2025-02-02T15:15:48.249473252Z","target":"projects/zenn-hackathon-b8dca/locations/asia-northeast1/functions/scheduledGetEventFunction","verb":"update","cancelRequested":false,"apiVersion":"v2","requestResource":{"@type":"type.googleapis.com/google.cloud.functions.v2.Function","name":"projects/zenn-hackathon-b8dca/locations/asia-northeast1/functions/scheduledGetEventFunction","buildConfig":{"runtime":"nodejs18","entryPoint":"scheduledGetEventFunction","source":{"storageSource":{"bucket":"gcf-v2-sources-253129916463-asia-northeast1","object":"scheduledGetEventFunction/function-source.zip","generation":"1738509348211010"}},"environmentVariables":{"GOOGLE_NODE_RUN_SCRIPTS":""},"dockerRepository":"projects/zenn-hackathon-b8dca/locations/asia-northeast1/repositories/gcf-artifacts","serviceAccount":"projects/zenn-hackathon-b8dca/serviceAccounts/253129916463-compute@developer.gserviceaccount.com","automaticUpdatePolicy":{}},"serviceConfig":{"service":"projects/zenn-hackathon-b8dca/locations/asia-northeast1/services/scheduledgeteventfunction","timeoutSeconds":60,"environmentVariables":{"FIREBASE_CONFIG":"{\"projectId\":\"zenn-hackathon-b8dca\",\"databaseURL\":\"https://zenn-hackathon-b8dca-default-rtdb.firebaseio.com\",\"storageBucket\":\"zenn-hackathon-b8dca.firebasestorage.app\"}","GCLOUD_PROJECT":"zenn-hackathon-b8dca","EVENTARC_CLOUD_EVENT_SOURCE":"projects/zenn-hackathon-b8dca/locations/asia-northeast1/services/scheduledGetEventFunction","FUNCTION_TARGET":"scheduledGetEventFunction","LOG_EXECUTION_ID":"true"},"ingressSettings":"ALLOW_ALL","serviceAccountEmail":"253129916463-compute@developer.gserviceaccount.com","availableMemory":"256Mi","allTrafficOnLatestRevision":true,"secretEnvironmentVariables":[{"key":"GOOGLE_GENAI_API_KEY","projectId":"zenn-hackathon-b8dca","secret":"GOOGLE_GENAI_API_KEY","version":"1"}],"revision":"scheduledgeteventfunction-00007-vik","maxInstanceRequestConcurrency":80,"availableCpu":"1"},"state":"ACTIVE","labels":{"deployment-tool":"cloudfunctions","deployment-scheduled":"true","firebase-functions-hash":"3def7590a1a7e5a28fa5ceed2bd151c5a23689eb"},"environment":"GEN_2","url":"https://asia-northeast1-zenn-hackathon-b8dca.cloudfunctions.net/scheduledGetEventFunction"},"stages":[{"name":"BUILD","state":"NOT_STARTED","stateMessages":[{"severity":"WARNING","type":"BuildAnalysisWarning","message":"Node.js 18 is no longer supported by the Node.js community as of 30 April, 2025. Node.js 18 will be deprecated on 2025-04-30. We recommend you to upgrade to the latest version of Node.js as soon as possible."}]},{"name":"SERVICE","state":"NOT_STARTED"}],"operationType":"UPDATE_FUNCTION"},"done":false}
[debug] [2025-02-02T15:15:49.440Z] [update-default-asia-northeast1-scheduledGetEventFunction] Retrying task index 0
[debug] [2025-02-02T15:15:49.440Z] >>> [apiv2][query] GET https://cloudfunctions.googleapis.com/v2/projects/zenn-hackathon-b8dca/locations/asia-northeast1/operations/operation-1738509347079-62d2a4012455e-d1f5b1f3-3029a859 [none]
[debug] [2025-02-02T15:15:50.093Z] <<< [apiv2][status] GET https://cloudfunctions.googleapis.com/v2/projects/zenn-hackathon-b8dca/locations/asia-northeast1/operations/operation-1738509347079-62d2a4012455e-d1f5b1f3-3029a859 200
[debug] [2025-02-02T15:15:50.093Z] <<< [apiv2][body] GET https://cloudfunctions.googleapis.com/v2/projects/zenn-hackathon-b8dca/locations/asia-northeast1/operations/operation-1738509347079-62d2a4012455e-d1f5b1f3-3029a859 {"name":"projects/zenn-hackathon-b8dca/locations/asia-northeast1/operations/operation-1738509347079-62d2a4012455e-d1f5b1f3-3029a859","metadata":{"@type":"type.googleapis.com/google.cloud.functions.v2.OperationMetadata","createTime":"2025-02-02T15:15:48.249473252Z","target":"projects/zenn-hackathon-b8dca/locations/asia-northeast1/functions/scheduledGetEventFunction","verb":"update","cancelRequested":false,"apiVersion":"v2","requestResource":{"@type":"type.googleapis.com/google.cloud.functions.v2.Function","name":"projects/zenn-hackathon-b8dca/locations/asia-northeast1/functions/scheduledGetEventFunction","buildConfig":{"runtime":"nodejs18","entryPoint":"scheduledGetEventFunction","source":{"storageSource":{"bucket":"gcf-v2-sources-253129916463-asia-northeast1","object":"scheduledGetEventFunction/function-source.zip","generation":"1738509348211010"}},"environmentVariables":{"GOOGLE_NODE_RUN_SCRIPTS":""},"dockerRepository":"projects/zenn-hackathon-b8dca/locations/asia-northeast1/repositories/gcf-artifacts","serviceAccount":"projects/zenn-hackathon-b8dca/serviceAccounts/253129916463-compute@developer.gserviceaccount.com","automaticUpdatePolicy":{}},"serviceConfig":{"service":"projects/zenn-hackathon-b8dca/locations/asia-northeast1/services/scheduledgeteventfunction","timeoutSeconds":60,"environmentVariables":{"FIREBASE_CONFIG":"{\"projectId\":\"zenn-hackathon-b8dca\",\"databaseURL\":\"https://zenn-hackathon-b8dca-default-rtdb.firebaseio.com\",\"storageBucket\":\"zenn-hackathon-b8dca.firebasestorage.app\"}","GCLOUD_PROJECT":"zenn-hackathon-b8dca","EVENTARC_CLOUD_EVENT_SOURCE":"projects/zenn-hackathon-b8dca/locations/asia-northeast1/services/scheduledGetEventFunction","FUNCTION_TARGET":"scheduledGetEventFunction","LOG_EXECUTION_ID":"true"},"ingressSettings":"ALLOW_ALL","serviceAccountEmail":"253129916463-compute@developer.gserviceaccount.com","availableMemory":"256Mi","allTrafficOnLatestRevision":true,"secretEnvironmentVariables":[{"key":"GOOGLE_GENAI_API_KEY","projectId":"zenn-hackathon-b8dca","secret":"GOOGLE_GENAI_API_KEY","version":"1"}],"revision":"scheduledgeteventfunction-00007-vik","maxInstanceRequestConcurrency":80,"availableCpu":"1"},"state":"ACTIVE","labels":{"deployment-tool":"cloudfunctions","deployment-scheduled":"true","firebase-functions-hash":"3def7590a1a7e5a28fa5ceed2bd151c5a23689eb"},"environment":"GEN_2","url":"https://asia-northeast1-zenn-hackathon-b8dca.cloudfunctions.net/scheduledGetEventFunction"},"stages":[{"name":"BUILD","message":"Build in progress","state":"IN_PROGRESS","resource":"projects/253129916463/locations/asia-northeast1/builds/20d05ba4-4ce0-4ce8-bf89-bb461b59486a","resourceUri":"https://console.cloud.google.com/cloud-build/builds;region=asia-northeast1/20d05ba4-4ce0-4ce8-bf89-bb461b59486a?project=253129916463"},{"name":"SERVICE","state":"NOT_STARTED"}],"operationType":"UPDATE_FUNCTION","buildName":"projects/253129916463/locations/asia-northeast1/builds/20d05ba4-4ce0-4ce8-bf89-bb461b59486a"},"done":false}
[debug] [2025-02-02T15:15:51.095Z] [update-default-asia-northeast1-scheduledGetEventFunction] Retrying task index 0
[debug] [2025-02-02T15:15:51.095Z] >>> [apiv2][query] GET https://cloudfunctions.googleapis.com/v2/projects/zenn-hackathon-b8dca/locations/asia-northeast1/operations/operation-1738509347079-62d2a4012455e-d1f5b1f3-3029a859 [none]
[debug] [2025-02-02T15:15:51.781Z] <<< [apiv2][status] GET https://cloudfunctions.googleapis.com/v2/projects/zenn-hackathon-b8dca/locations/asia-northeast1/operations/operation-1738509347079-62d2a4012455e-d1f5b1f3-3029a859 200
[debug] [2025-02-02T15:15:51.781Z] <<< [apiv2][body] GET https://cloudfunctions.googleapis.com/v2/projects/zenn-hackathon-b8dca/locations/asia-northeast1/operations/operation-1738509347079-62d2a4012455e-d1f5b1f3-3029a859 {"name":"projects/zenn-hackathon-b8dca/locations/asia-northeast1/operations/operation-1738509347079-62d2a4012455e-d1f5b1f3-3029a859","metadata":{"@type":"type.googleapis.com/google.cloud.functions.v2.OperationMetadata","createTime":"2025-02-02T15:15:48.249473252Z","target":"projects/zenn-hackathon-b8dca/locations/asia-northeast1/functions/scheduledGetEventFunction","verb":"update","cancelRequested":false,"apiVersion":"v2","requestResource":{"@type":"type.googleapis.com/google.cloud.functions.v2.Function","name":"projects/zenn-hackathon-b8dca/locations/asia-northeast1/functions/scheduledGetEventFunction","buildConfig":{"runtime":"nodejs18","entryPoint":"scheduledGetEventFunction","source":{"storageSource":{"bucket":"gcf-v2-sources-253129916463-asia-northeast1","object":"scheduledGetEventFunction/function-source.zip","generation":"1738509348211010"}},"environmentVariables":{"GOOGLE_NODE_RUN_SCRIPTS":""},"dockerRepository":"projects/zenn-hackathon-b8dca/locations/asia-northeast1/repositories/gcf-artifacts","serviceAccount":"projects/zenn-hackathon-b8dca/serviceAccounts/253129916463-compute@developer.gserviceaccount.com","automaticUpdatePolicy":{}},"serviceConfig":{"service":"projects/zenn-hackathon-b8dca/locations/asia-northeast1/services/scheduledgeteventfunction","timeoutSeconds":60,"environmentVariables":{"FIREBASE_CONFIG":"{\"projectId\":\"zenn-hackathon-b8dca\",\"databaseURL\":\"https://zenn-hackathon-b8dca-default-rtdb.firebaseio.com\",\"storageBucket\":\"zenn-hackathon-b8dca.firebasestorage.app\"}","GCLOUD_PROJECT":"zenn-hackathon-b8dca","EVENTARC_CLOUD_EVENT_SOURCE":"projects/zenn-hackathon-b8dca/locations/asia-northeast1/services/scheduledGetEventFunction","FUNCTION_TARGET":"scheduledGetEventFunction","LOG_EXECUTION_ID":"true"},"ingressSettings":"ALLOW_ALL","serviceAccountEmail":"253129916463-compute@developer.gserviceaccount.com","availableMemory":"256Mi","allTrafficOnLatestRevision":true,"secretEnvironmentVariables":[{"key":"GOOGLE_GENAI_API_KEY","projectId":"zenn-hackathon-b8dca","secret":"GOOGLE_GENAI_API_KEY","version":"1"}],"revision":"scheduledgeteventfunction-00007-vik","maxInstanceRequestConcurrency":80,"availableCpu":"1"},"state":"ACTIVE","labels":{"deployment-tool":"cloudfunctions","deployment-scheduled":"true","firebase-functions-hash":"3def7590a1a7e5a28fa5ceed2bd151c5a23689eb"},"environment":"GEN_2","url":"https://asia-northeast1-zenn-hackathon-b8dca.cloudfunctions.net/scheduledGetEventFunction"},"stages":[{"name":"BUILD","message":"Build in progress","state":"IN_PROGRESS","resource":"projects/253129916463/locations/asia-northeast1/builds/20d05ba4-4ce0-4ce8-bf89-bb461b59486a","resourceUri":"https://console.cloud.google.com/cloud-build/builds;region=asia-northeast1/20d05ba4-4ce0-4ce8-bf89-bb461b59486a?project=253129916463"},{"name":"SERVICE","state":"NOT_STARTED"}],"operationType":"UPDATE_FUNCTION","buildName":"projects/253129916463/locations/asia-northeast1/builds/20d05ba4-4ce0-4ce8-bf89-bb461b59486a"},"done":false}
[debug] [2025-02-02T15:15:53.783Z] [update-default-asia-northeast1-scheduledGetEventFunction] Retrying task index 0
[debug] [2025-02-02T15:15:53.783Z] >>> [apiv2][query] GET https://cloudfunctions.googleapis.com/v2/projects/zenn-hackathon-b8dca/locations/asia-northeast1/operations/operation-1738509347079-62d2a4012455e-d1f5b1f3-3029a859 [none]
[debug] [2025-02-02T15:15:54.326Z] <<< [apiv2][status] GET https://cloudfunctions.googleapis.com/v2/projects/zenn-hackathon-b8dca/locations/asia-northeast1/operations/operation-1738509347079-62d2a4012455e-d1f5b1f3-3029a859 200
[debug] [2025-02-02T15:15:54.326Z] <<< [apiv2][body] GET https://cloudfunctions.googleapis.com/v2/projects/zenn-hackathon-b8dca/locations/asia-northeast1/operations/operation-1738509347079-62d2a4012455e-d1f5b1f3-3029a859 {"name":"projects/zenn-hackathon-b8dca/locations/asia-northeast1/operations/operation-1738509347079-62d2a4012455e-d1f5b1f3-3029a859","metadata":{"@type":"type.googleapis.com/google.cloud.functions.v2.OperationMetadata","createTime":"2025-02-02T15:15:48.249473252Z","target":"projects/zenn-hackathon-b8dca/locations/asia-northeast1/functions/scheduledGetEventFunction","verb":"update","cancelRequested":false,"apiVersion":"v2","requestResource":{"@type":"type.googleapis.com/google.cloud.functions.v2.Function","name":"projects/zenn-hackathon-b8dca/locations/asia-northeast1/functions/scheduledGetEventFunction","buildConfig":{"runtime":"nodejs18","entryPoint":"scheduledGetEventFunction","source":{"storageSource":{"bucket":"gcf-v2-sources-253129916463-asia-northeast1","object":"scheduledGetEventFunction/function-source.zip","generation":"1738509348211010"}},"environmentVariables":{"GOOGLE_NODE_RUN_SCRIPTS":""},"dockerRepository":"projects/zenn-hackathon-b8dca/locations/asia-northeast1/repositories/gcf-artifacts","serviceAccount":"projects/zenn-hackathon-b8dca/serviceAccounts/253129916463-compute@developer.gserviceaccount.com","automaticUpdatePolicy":{}},"serviceConfig":{"service":"projects/zenn-hackathon-b8dca/locations/asia-northeast1/services/scheduledgeteventfunction","timeoutSeconds":60,"environmentVariables":{"FIREBASE_CONFIG":"{\"projectId\":\"zenn-hackathon-b8dca\",\"databaseURL\":\"https://zenn-hackathon-b8dca-default-rtdb.firebaseio.com\",\"storageBucket\":\"zenn-hackathon-b8dca.firebasestorage.app\"}","GCLOUD_PROJECT":"zenn-hackathon-b8dca","EVENTARC_CLOUD_EVENT_SOURCE":"projects/zenn-hackathon-b8dca/locations/asia-northeast1/services/scheduledGetEventFunction","FUNCTION_TARGET":"scheduledGetEventFunction","LOG_EXECUTION_ID":"true"},"ingressSettings":"ALLOW_ALL","serviceAccountEmail":"253129916463-compute@developer.gserviceaccount.com","availableMemory":"256Mi","allTrafficOnLatestRevision":true,"secretEnvironmentVariables":[{"key":"GOOGLE_GENAI_API_KEY","projectId":"zenn-hackathon-b8dca","secret":"GOOGLE_GENAI_API_KEY","version":"1"}],"revision":"scheduledgeteventfunction-00007-vik","maxInstanceRequestConcurrency":80,"availableCpu":"1"},"state":"ACTIVE","labels":{"deployment-tool":"cloudfunctions","deployment-scheduled":"true","firebase-functions-hash":"3def7590a1a7e5a28fa5ceed2bd151c5a23689eb"},"environment":"GEN_2","url":"https://asia-northeast1-zenn-hackathon-b8dca.cloudfunctions.net/scheduledGetEventFunction"},"stages":[{"name":"BUILD","message":"Build in progress","state":"IN_PROGRESS","resource":"projects/253129916463/locations/asia-northeast1/builds/20d05ba4-4ce0-4ce8-bf89-bb461b59486a","resourceUri":"https://console.cloud.google.com/cloud-build/builds;region=asia-northeast1/20d05ba4-4ce0-4ce8-bf89-bb461b59486a?project=253129916463"},{"name":"SERVICE","state":"NOT_STARTED"}],"operationType":"UPDATE_FUNCTION","buildName":"projects/253129916463/locations/asia-northeast1/builds/20d05ba4-4ce0-4ce8-bf89-bb461b59486a"},"done":false}
[debug] [2025-02-02T15:15:58.327Z] [update-default-asia-northeast1-scheduledGetEventFunction] Retrying task index 0
[debug] [2025-02-02T15:15:58.327Z] >>> [apiv2][query] GET https://cloudfunctions.googleapis.com/v2/projects/zenn-hackathon-b8dca/locations/asia-northeast1/operations/operation-1738509347079-62d2a4012455e-d1f5b1f3-3029a859 [none]
[debug] [2025-02-02T15:15:58.950Z] <<< [apiv2][status] GET https://cloudfunctions.googleapis.com/v2/projects/zenn-hackathon-b8dca/locations/asia-northeast1/operations/operation-1738509347079-62d2a4012455e-d1f5b1f3-3029a859 200
[debug] [2025-02-02T15:15:58.950Z] <<< [apiv2][body] GET https://cloudfunctions.googleapis.com/v2/projects/zenn-hackathon-b8dca/locations/asia-northeast1/operations/operation-1738509347079-62d2a4012455e-d1f5b1f3-3029a859 {"name":"projects/zenn-hackathon-b8dca/locations/asia-northeast1/operations/operation-1738509347079-62d2a4012455e-d1f5b1f3-3029a859","metadata":{"@type":"type.googleapis.com/google.cloud.functions.v2.OperationMetadata","createTime":"2025-02-02T15:15:48.249473252Z","target":"projects/zenn-hackathon-b8dca/locations/asia-northeast1/functions/scheduledGetEventFunction","verb":"update","cancelRequested":false,"apiVersion":"v2","requestResource":{"@type":"type.googleapis.com/google.cloud.functions.v2.Function","name":"projects/zenn-hackathon-b8dca/locations/asia-northeast1/functions/scheduledGetEventFunction","buildConfig":{"runtime":"nodejs18","entryPoint":"scheduledGetEventFunction","source":{"storageSource":{"bucket":"gcf-v2-sources-253129916463-asia-northeast1","object":"scheduledGetEventFunction/function-source.zip","generation":"1738509348211010"}},"environmentVariables":{"GOOGLE_NODE_RUN_SCRIPTS":""},"dockerRepository":"projects/zenn-hackathon-b8dca/locations/asia-northeast1/repositories/gcf-artifacts","serviceAccount":"projects/zenn-hackathon-b8dca/serviceAccounts/253129916463-compute@developer.gserviceaccount.com","automaticUpdatePolicy":{}},"serviceConfig":{"service":"projects/zenn-hackathon-b8dca/locations/asia-northeast1/services/scheduledgeteventfunction","timeoutSeconds":60,"environmentVariables":{"FIREBASE_CONFIG":"{\"projectId\":\"zenn-hackathon-b8dca\",\"databaseURL\":\"https://zenn-hackathon-b8dca-default-rtdb.firebaseio.com\",\"storageBucket\":\"zenn-hackathon-b8dca.firebasestorage.app\"}","GCLOUD_PROJECT":"zenn-hackathon-b8dca","EVENTARC_CLOUD_EVENT_SOURCE":"projects/zenn-hackathon-b8dca/locations/asia-northeast1/services/scheduledGetEventFunction","FUNCTION_TARGET":"scheduledGetEventFunction","LOG_EXECUTION_ID":"true"},"ingressSettings":"ALLOW_ALL","serviceAccountEmail":"253129916463-compute@developer.gserviceaccount.com","availableMemory":"256Mi","allTrafficOnLatestRevision":true,"secretEnvironmentVariables":[{"key":"GOOGLE_GENAI_API_KEY","projectId":"zenn-hackathon-b8dca","secret":"GOOGLE_GENAI_API_KEY","version":"1"}],"revision":"scheduledgeteventfunction-00007-vik","maxInstanceRequestConcurrency":80,"availableCpu":"1"},"state":"ACTIVE","labels":{"deployment-tool":"cloudfunctions","deployment-scheduled":"true","firebase-functions-hash":"3def7590a1a7e5a28fa5ceed2bd151c5a23689eb"},"environment":"GEN_2","url":"https://asia-northeast1-zenn-hackathon-b8dca.cloudfunctions.net/scheduledGetEventFunction"},"stages":[{"name":"BUILD","message":"Build in progress","state":"IN_PROGRESS","resource":"projects/253129916463/locations/asia-northeast1/builds/20d05ba4-4ce0-4ce8-bf89-bb461b59486a","resourceUri":"https://console.cloud.google.com/cloud-build/builds;region=asia-northeast1/20d05ba4-4ce0-4ce8-bf89-bb461b59486a?project=253129916463"},{"name":"SERVICE","state":"NOT_STARTED"}],"operationType":"UPDATE_FUNCTION","buildName":"projects/253129916463/locations/asia-northeast1/builds/20d05ba4-4ce0-4ce8-bf89-bb461b59486a"},"done":false}
[debug] [2025-02-02T15:16:06.952Z] [update-default-asia-northeast1-scheduledGetEventFunction] Retrying task index 0
[debug] [2025-02-02T15:16:06.952Z] >>> [apiv2][query] GET https://cloudfunctions.googleapis.com/v2/projects/zenn-hackathon-b8dca/locations/asia-northeast1/operations/operation-1738509347079-62d2a4012455e-d1f5b1f3-3029a859 [none]
[debug] [2025-02-02T15:16:07.201Z] <<< [apiv2][status] GET https://cloudfunctions.googleapis.com/v2/projects/zenn-hackathon-b8dca/locations/asia-northeast1/operations/operation-1738509347079-62d2a4012455e-d1f5b1f3-3029a859 200
[debug] [2025-02-02T15:16:07.201Z] <<< [apiv2][body] GET https://cloudfunctions.googleapis.com/v2/projects/zenn-hackathon-b8dca/locations/asia-northeast1/operations/operation-1738509347079-62d2a4012455e-d1f5b1f3-3029a859 {"name":"projects/zenn-hackathon-b8dca/locations/asia-northeast1/operations/operation-1738509347079-62d2a4012455e-d1f5b1f3-3029a859","metadata":{"@type":"type.googleapis.com/google.cloud.functions.v2.OperationMetadata","createTime":"2025-02-02T15:15:48.249473252Z","target":"projects/zenn-hackathon-b8dca/locations/asia-northeast1/functions/scheduledGetEventFunction","verb":"update","cancelRequested":false,"apiVersion":"v2","requestResource":{"@type":"type.googleapis.com/google.cloud.functions.v2.Function","name":"projects/zenn-hackathon-b8dca/locations/asia-northeast1/functions/scheduledGetEventFunction","buildConfig":{"runtime":"nodejs18","entryPoint":"scheduledGetEventFunction","source":{"storageSource":{"bucket":"gcf-v2-sources-253129916463-asia-northeast1","object":"scheduledGetEventFunction/function-source.zip","generation":"1738509348211010"}},"environmentVariables":{"GOOGLE_NODE_RUN_SCRIPTS":""},"dockerRepository":"projects/zenn-hackathon-b8dca/locations/asia-northeast1/repositories/gcf-artifacts","serviceAccount":"projects/zenn-hackathon-b8dca/serviceAccounts/253129916463-compute@developer.gserviceaccount.com","automaticUpdatePolicy":{}},"serviceConfig":{"service":"projects/zenn-hackathon-b8dca/locations/asia-northeast1/services/scheduledgeteventfunction","timeoutSeconds":60,"environmentVariables":{"FIREBASE_CONFIG":"{\"projectId\":\"zenn-hackathon-b8dca\",\"databaseURL\":\"https://zenn-hackathon-b8dca-default-rtdb.firebaseio.com\",\"storageBucket\":\"zenn-hackathon-b8dca.firebasestorage.app\"}","GCLOUD_PROJECT":"zenn-hackathon-b8dca","EVENTARC_CLOUD_EVENT_SOURCE":"projects/zenn-hackathon-b8dca/locations/asia-northeast1/services/scheduledGetEventFunction","FUNCTION_TARGET":"scheduledGetEventFunction","LOG_EXECUTION_ID":"true"},"ingressSettings":"ALLOW_ALL","serviceAccountEmail":"253129916463-compute@developer.gserviceaccount.com","availableMemory":"256Mi","allTrafficOnLatestRevision":true,"secretEnvironmentVariables":[{"key":"GOOGLE_GENAI_API_KEY","projectId":"zenn-hackathon-b8dca","secret":"GOOGLE_GENAI_API_KEY","version":"1"}],"revision":"scheduledgeteventfunction-00007-vik","maxInstanceRequestConcurrency":80,"availableCpu":"1"},"state":"ACTIVE","labels":{"deployment-tool":"cloudfunctions","deployment-scheduled":"true","firebase-functions-hash":"3def7590a1a7e5a28fa5ceed2bd151c5a23689eb"},"environment":"GEN_2","url":"https://asia-northeast1-zenn-hackathon-b8dca.cloudfunctions.net/scheduledGetEventFunction"},"stages":[{"name":"BUILD","message":"Build in progress","state":"IN_PROGRESS","resource":"projects/253129916463/locations/asia-northeast1/builds/20d05ba4-4ce0-4ce8-bf89-bb461b59486a","resourceUri":"https://console.cloud.google.com/cloud-build/builds;region=asia-northeast1/20d05ba4-4ce0-4ce8-bf89-bb461b59486a?project=253129916463"},{"name":"SERVICE","state":"NOT_STARTED"}],"operationType":"UPDATE_FUNCTION","buildName":"projects/253129916463/locations/asia-northeast1/builds/20d05ba4-4ce0-4ce8-bf89-bb461b59486a"},"done":false}
[debug] [2025-02-02T15:16:17.203Z] [update-default-asia-northeast1-scheduledGetEventFunction] Retrying task index 0
[debug] [2025-02-02T15:16:17.203Z] >>> [apiv2][query] GET https://cloudfunctions.googleapis.com/v2/projects/zenn-hackathon-b8dca/locations/asia-northeast1/operations/operation-1738509347079-62d2a4012455e-d1f5b1f3-3029a859 [none]
[debug] [2025-02-02T15:16:17.786Z] <<< [apiv2][status] GET https://cloudfunctions.googleapis.com/v2/projects/zenn-hackathon-b8dca/locations/asia-northeast1/operations/operation-1738509347079-62d2a4012455e-d1f5b1f3-3029a859 200
[debug] [2025-02-02T15:16:17.786Z] <<< [apiv2][body] GET https://cloudfunctions.googleapis.com/v2/projects/zenn-hackathon-b8dca/locations/asia-northeast1/operations/operation-1738509347079-62d2a4012455e-d1f5b1f3-3029a859 {"name":"projects/zenn-hackathon-b8dca/locations/asia-northeast1/operations/operation-1738509347079-62d2a4012455e-d1f5b1f3-3029a859","metadata":{"@type":"type.googleapis.com/google.cloud.functions.v2.OperationMetadata","createTime":"2025-02-02T15:15:48.249473252Z","target":"projects/zenn-hackathon-b8dca/locations/asia-northeast1/functions/scheduledGetEventFunction","verb":"update","cancelRequested":false,"apiVersion":"v2","requestResource":{"@type":"type.googleapis.com/google.cloud.functions.v2.Function","name":"projects/zenn-hackathon-b8dca/locations/asia-northeast1/functions/scheduledGetEventFunction","buildConfig":{"runtime":"nodejs18","entryPoint":"scheduledGetEventFunction","source":{"storageSource":{"bucket":"gcf-v2-sources-253129916463-asia-northeast1","object":"scheduledGetEventFunction/function-source.zip","generation":"1738509348211010"}},"environmentVariables":{"GOOGLE_NODE_RUN_SCRIPTS":""},"dockerRepository":"projects/zenn-hackathon-b8dca/locations/asia-northeast1/repositories/gcf-artifacts","serviceAccount":"projects/zenn-hackathon-b8dca/serviceAccounts/253129916463-compute@developer.gserviceaccount.com","automaticUpdatePolicy":{}},"serviceConfig":{"service":"projects/zenn-hackathon-b8dca/locations/asia-northeast1/services/scheduledgeteventfunction","timeoutSeconds":60,"environmentVariables":{"FIREBASE_CONFIG":"{\"projectId\":\"zenn-hackathon-b8dca\",\"databaseURL\":\"https://zenn-hackathon-b8dca-default-rtdb.firebaseio.com\",\"storageBucket\":\"zenn-hackathon-b8dca.firebasestorage.app\"}","GCLOUD_PROJECT":"zenn-hackathon-b8dca","EVENTARC_CLOUD_EVENT_SOURCE":"projects/zenn-hackathon-b8dca/locations/asia-northeast1/services/scheduledGetEventFunction","FUNCTION_TARGET":"scheduledGetEventFunction","LOG_EXECUTION_ID":"true"},"ingressSettings":"ALLOW_ALL","serviceAccountEmail":"253129916463-compute@developer.gserviceaccount.com","availableMemory":"256Mi","allTrafficOnLatestRevision":true,"secretEnvironmentVariables":[{"key":"GOOGLE_GENAI_API_KEY","projectId":"zenn-hackathon-b8dca","secret":"GOOGLE_GENAI_API_KEY","version":"1"}],"revision":"scheduledgeteventfunction-00007-vik","maxInstanceRequestConcurrency":80,"availableCpu":"1"},"state":"ACTIVE","labels":{"deployment-tool":"cloudfunctions","deployment-scheduled":"true","firebase-functions-hash":"3def7590a1a7e5a28fa5ceed2bd151c5a23689eb"},"environment":"GEN_2","url":"https://asia-northeast1-zenn-hackathon-b8dca.cloudfunctions.net/scheduledGetEventFunction"},"stages":[{"name":"BUILD","message":"Build in progress","state":"IN_PROGRESS","resource":"projects/253129916463/locations/asia-northeast1/builds/20d05ba4-4ce0-4ce8-bf89-bb461b59486a","resourceUri":"https://console.cloud.google.com/cloud-build/builds;region=asia-northeast1/20d05ba4-4ce0-4ce8-bf89-bb461b59486a?project=253129916463"},{"name":"SERVICE","state":"NOT_STARTED"}],"operationType":"UPDATE_FUNCTION","buildName":"projects/253129916463/locations/asia-northeast1/builds/20d05ba4-4ce0-4ce8-bf89-bb461b59486a"},"done":false}
[debug] [2025-02-02T15:16:27.788Z] [update-default-asia-northeast1-scheduledGetEventFunction] Retrying task index 0
[debug] [2025-02-02T15:16:27.789Z] >>> [apiv2][query] GET https://cloudfunctions.googleapis.com/v2/projects/zenn-hackathon-b8dca/locations/asia-northeast1/operations/operation-1738509347079-62d2a4012455e-d1f5b1f3-3029a859 [none]
[debug] [2025-02-02T15:16:28.337Z] <<< [apiv2][status] GET https://cloudfunctions.googleapis.com/v2/projects/zenn-hackathon-b8dca/locations/asia-northeast1/operations/operation-1738509347079-62d2a4012455e-d1f5b1f3-3029a859 200
[debug] [2025-02-02T15:16:28.337Z] <<< [apiv2][body] GET https://cloudfunctions.googleapis.com/v2/projects/zenn-hackathon-b8dca/locations/asia-northeast1/operations/operation-1738509347079-62d2a4012455e-d1f5b1f3-3029a859 {"name":"projects/zenn-hackathon-b8dca/locations/asia-northeast1/operations/operation-1738509347079-62d2a4012455e-d1f5b1f3-3029a859","metadata":{"@type":"type.googleapis.com/google.cloud.functions.v2.OperationMetadata","createTime":"2025-02-02T15:15:48.249473252Z","target":"projects/zenn-hackathon-b8dca/locations/asia-northeast1/functions/scheduledGetEventFunction","verb":"update","cancelRequested":false,"apiVersion":"v2","requestResource":{"@type":"type.googleapis.com/google.cloud.functions.v2.Function","name":"projects/zenn-hackathon-b8dca/locations/asia-northeast1/functions/scheduledGetEventFunction","buildConfig":{"runtime":"nodejs18","entryPoint":"scheduledGetEventFunction","source":{"storageSource":{"bucket":"gcf-v2-sources-253129916463-asia-northeast1","object":"scheduledGetEventFunction/function-source.zip","generation":"1738509348211010"}},"environmentVariables":{"GOOGLE_NODE_RUN_SCRIPTS":""},"dockerRepository":"projects/zenn-hackathon-b8dca/locations/asia-northeast1/repositories/gcf-artifacts","serviceAccount":"projects/zenn-hackathon-b8dca/serviceAccounts/253129916463-compute@developer.gserviceaccount.com","automaticUpdatePolicy":{}},"serviceConfig":{"service":"projects/zenn-hackathon-b8dca/locations/asia-northeast1/services/scheduledgeteventfunction","timeoutSeconds":60,"environmentVariables":{"FIREBASE_CONFIG":"{\"projectId\":\"zenn-hackathon-b8dca\",\"databaseURL\":\"https://zenn-hackathon-b8dca-default-rtdb.firebaseio.com\",\"storageBucket\":\"zenn-hackathon-b8dca.firebasestorage.app\"}","GCLOUD_PROJECT":"zenn-hackathon-b8dca","EVENTARC_CLOUD_EVENT_SOURCE":"projects/zenn-hackathon-b8dca/locations/asia-northeast1/services/scheduledGetEventFunction","FUNCTION_TARGET":"scheduledGetEventFunction","LOG_EXECUTION_ID":"true"},"ingressSettings":"ALLOW_ALL","serviceAccountEmail":"253129916463-compute@developer.gserviceaccount.com","availableMemory":"256Mi","allTrafficOnLatestRevision":true,"secretEnvironmentVariables":[{"key":"GOOGLE_GENAI_API_KEY","projectId":"zenn-hackathon-b8dca","secret":"GOOGLE_GENAI_API_KEY","version":"1"}],"revision":"scheduledgeteventfunction-00007-vik","maxInstanceRequestConcurrency":80,"availableCpu":"1"},"state":"ACTIVE","labels":{"deployment-tool":"cloudfunctions","deployment-scheduled":"true","firebase-functions-hash":"3def7590a1a7e5a28fa5ceed2bd151c5a23689eb"},"environment":"GEN_2","url":"https://asia-northeast1-zenn-hackathon-b8dca.cloudfunctions.net/scheduledGetEventFunction"},"stages":[{"name":"BUILD","message":"Build in progress","state":"IN_PROGRESS","resource":"projects/253129916463/locations/asia-northeast1/builds/20d05ba4-4ce0-4ce8-bf89-bb461b59486a","resourceUri":"https://console.cloud.google.com/cloud-build/builds;region=asia-northeast1/20d05ba4-4ce0-4ce8-bf89-bb461b59486a?project=253129916463"},{"name":"SERVICE","state":"NOT_STARTED"}],"operationType":"UPDATE_FUNCTION","buildName":"projects/253129916463/locations/asia-northeast1/builds/20d05ba4-4ce0-4ce8-bf89-bb461b59486a"},"done":false}
[debug] [2025-02-02T15:16:38.339Z] [update-default-asia-northeast1-scheduledGetEventFunction] Retrying task index 0
[debug] [2025-02-02T15:16:38.339Z] >>> [apiv2][query] GET https://cloudfunctions.googleapis.com/v2/projects/zenn-hackathon-b8dca/locations/asia-northeast1/operations/operation-1738509347079-62d2a4012455e-d1f5b1f3-3029a859 [none]
[debug] [2025-02-02T15:16:38.931Z] <<< [apiv2][status] GET https://cloudfunctions.googleapis.com/v2/projects/zenn-hackathon-b8dca/locations/asia-northeast1/operations/operation-1738509347079-62d2a4012455e-d1f5b1f3-3029a859 200
[debug] [2025-02-02T15:16:38.931Z] <<< [apiv2][body] GET https://cloudfunctions.googleapis.com/v2/projects/zenn-hackathon-b8dca/locations/asia-northeast1/operations/operation-1738509347079-62d2a4012455e-d1f5b1f3-3029a859 {"name":"projects/zenn-hackathon-b8dca/locations/asia-northeast1/operations/operation-1738509347079-62d2a4012455e-d1f5b1f3-3029a859","metadata":{"@type":"type.googleapis.com/google.cloud.functions.v2.OperationMetadata","createTime":"2025-02-02T15:15:48.249473252Z","target":"projects/zenn-hackathon-b8dca/locations/asia-northeast1/functions/scheduledGetEventFunction","verb":"update","cancelRequested":false,"apiVersion":"v2","requestResource":{"@type":"type.googleapis.com/google.cloud.functions.v2.Function","name":"projects/zenn-hackathon-b8dca/locations/asia-northeast1/functions/scheduledGetEventFunction","buildConfig":{"runtime":"nodejs18","entryPoint":"scheduledGetEventFunction","source":{"storageSource":{"bucket":"gcf-v2-sources-253129916463-asia-northeast1","object":"scheduledGetEventFunction/function-source.zip","generation":"1738509348211010"}},"environmentVariables":{"GOOGLE_NODE_RUN_SCRIPTS":""},"dockerRepository":"projects/zenn-hackathon-b8dca/locations/asia-northeast1/repositories/gcf-artifacts","serviceAccount":"projects/zenn-hackathon-b8dca/serviceAccounts/253129916463-compute@developer.gserviceaccount.com","automaticUpdatePolicy":{}},"serviceConfig":{"service":"projects/zenn-hackathon-b8dca/locations/asia-northeast1/services/scheduledgeteventfunction","timeoutSeconds":60,"environmentVariables":{"FIREBASE_CONFIG":"{\"projectId\":\"zenn-hackathon-b8dca\",\"databaseURL\":\"https://zenn-hackathon-b8dca-default-rtdb.firebaseio.com\",\"storageBucket\":\"zenn-hackathon-b8dca.firebasestorage.app\"}","GCLOUD_PROJECT":"zenn-hackathon-b8dca","EVENTARC_CLOUD_EVENT_SOURCE":"projects/zenn-hackathon-b8dca/locations/asia-northeast1/services/scheduledGetEventFunction","FUNCTION_TARGET":"scheduledGetEventFunction","LOG_EXECUTION_ID":"true"},"ingressSettings":"ALLOW_ALL","serviceAccountEmail":"253129916463-compute@developer.gserviceaccount.com","availableMemory":"256Mi","allTrafficOnLatestRevision":true,"secretEnvironmentVariables":[{"key":"GOOGLE_GENAI_API_KEY","projectId":"zenn-hackathon-b8dca","secret":"GOOGLE_GENAI_API_KEY","version":"1"}],"revision":"scheduledgeteventfunction-00007-vik","maxInstanceRequestConcurrency":80,"availableCpu":"1"},"state":"ACTIVE","labels":{"deployment-tool":"cloudfunctions","deployment-scheduled":"true","firebase-functions-hash":"3def7590a1a7e5a28fa5ceed2bd151c5a23689eb"},"environment":"GEN_2","url":"https://asia-northeast1-zenn-hackathon-b8dca.cloudfunctions.net/scheduledGetEventFunction"},"stages":[{"name":"BUILD","message":"Build in progress","state":"IN_PROGRESS","resource":"projects/253129916463/locations/asia-northeast1/builds/20d05ba4-4ce0-4ce8-bf89-bb461b59486a","resourceUri":"https://console.cloud.google.com/cloud-build/builds;region=asia-northeast1/20d05ba4-4ce0-4ce8-bf89-bb461b59486a?project=253129916463"},{"name":"SERVICE","state":"NOT_STARTED"}],"operationType":"UPDATE_FUNCTION","buildName":"projects/253129916463/locations/asia-northeast1/builds/20d05ba4-4ce0-4ce8-bf89-bb461b59486a"},"done":false}
[debug] [2025-02-02T15:16:48.932Z] [update-default-asia-northeast1-scheduledGetEventFunction] Retrying task index 0
[debug] [2025-02-02T15:16:48.933Z] >>> [apiv2][query] GET https://cloudfunctions.googleapis.com/v2/projects/zenn-hackathon-b8dca/locations/asia-northeast1/operations/operation-1738509347079-62d2a4012455e-d1f5b1f3-3029a859 [none]
[debug] [2025-02-02T15:16:49.481Z] <<< [apiv2][status] GET https://cloudfunctions.googleapis.com/v2/projects/zenn-hackathon-b8dca/locations/asia-northeast1/operations/operation-1738509347079-62d2a4012455e-d1f5b1f3-3029a859 200
[debug] [2025-02-02T15:16:49.482Z] <<< [apiv2][body] GET https://cloudfunctions.googleapis.com/v2/projects/zenn-hackathon-b8dca/locations/asia-northeast1/operations/operation-1738509347079-62d2a4012455e-d1f5b1f3-3029a859 {"name":"projects/zenn-hackathon-b8dca/locations/asia-northeast1/operations/operation-1738509347079-62d2a4012455e-d1f5b1f3-3029a859","metadata":{"@type":"type.googleapis.com/google.cloud.functions.v2.OperationMetadata","createTime":"2025-02-02T15:15:48.249473252Z","target":"projects/zenn-hackathon-b8dca/locations/asia-northeast1/functions/scheduledGetEventFunction","verb":"update","cancelRequested":false,"apiVersion":"v2","requestResource":{"@type":"type.googleapis.com/google.cloud.functions.v2.Function","name":"projects/zenn-hackathon-b8dca/locations/asia-northeast1/functions/scheduledGetEventFunction","buildConfig":{"runtime":"nodejs18","entryPoint":"scheduledGetEventFunction","source":{"storageSource":{"bucket":"gcf-v2-sources-253129916463-asia-northeast1","object":"scheduledGetEventFunction/function-source.zip","generation":"1738509348211010"}},"environmentVariables":{"GOOGLE_NODE_RUN_SCRIPTS":""},"dockerRepository":"projects/zenn-hackathon-b8dca/locations/asia-northeast1/repositories/gcf-artifacts","serviceAccount":"projects/zenn-hackathon-b8dca/serviceAccounts/253129916463-compute@developer.gserviceaccount.com","automaticUpdatePolicy":{}},"serviceConfig":{"service":"projects/zenn-hackathon-b8dca/locations/asia-northeast1/services/scheduledgeteventfunction","timeoutSeconds":60,"environmentVariables":{"FIREBASE_CONFIG":"{\"projectId\":\"zenn-hackathon-b8dca\",\"databaseURL\":\"https://zenn-hackathon-b8dca-default-rtdb.firebaseio.com\",\"storageBucket\":\"zenn-hackathon-b8dca.firebasestorage.app\"}","GCLOUD_PROJECT":"zenn-hackathon-b8dca","EVENTARC_CLOUD_EVENT_SOURCE":"projects/zenn-hackathon-b8dca/locations/asia-northeast1/services/scheduledGetEventFunction","FUNCTION_TARGET":"scheduledGetEventFunction","LOG_EXECUTION_ID":"true"},"ingressSettings":"ALLOW_ALL","serviceAccountEmail":"253129916463-compute@developer.gserviceaccount.com","availableMemory":"256Mi","allTrafficOnLatestRevision":true,"secretEnvironmentVariables":[{"key":"GOOGLE_GENAI_API_KEY","projectId":"zenn-hackathon-b8dca","secret":"GOOGLE_GENAI_API_KEY","version":"1"}],"revision":"scheduledgeteventfunction-00007-vik","maxInstanceRequestConcurrency":80,"availableCpu":"1"},"state":"ACTIVE","labels":{"deployment-tool":"cloudfunctions","deployment-scheduled":"true","firebase-functions-hash":"3def7590a1a7e5a28fa5ceed2bd151c5a23689eb"},"environment":"GEN_2","url":"https://asia-northeast1-zenn-hackathon-b8dca.cloudfunctions.net/scheduledGetEventFunction"},"stages":[{"name":"BUILD","message":"Build in progress","state":"IN_PROGRESS","resource":"projects/253129916463/locations/asia-northeast1/builds/20d05ba4-4ce0-4ce8-bf89-bb461b59486a","resourceUri":"https://console.cloud.google.com/cloud-build/builds;region=asia-northeast1/20d05ba4-4ce0-4ce8-bf89-bb461b59486a?project=253129916463"},{"name":"SERVICE","state":"NOT_STARTED"}],"operationType":"UPDATE_FUNCTION","buildName":"projects/253129916463/locations/asia-northeast1/builds/20d05ba4-4ce0-4ce8-bf89-bb461b59486a"},"done":false}
[debug] [2025-02-02T15:16:59.483Z] [update-default-asia-northeast1-scheduledGetEventFunction] Retrying task index 0
[debug] [2025-02-02T15:16:59.483Z] >>> [apiv2][query] GET https://cloudfunctions.googleapis.com/v2/projects/zenn-hackathon-b8dca/locations/asia-northeast1/operations/operation-1738509347079-62d2a4012455e-d1f5b1f3-3029a859 [none]
[debug] [2025-02-02T15:17:00.114Z] <<< [apiv2][status] GET https://cloudfunctions.googleapis.com/v2/projects/zenn-hackathon-b8dca/locations/asia-northeast1/operations/operation-1738509347079-62d2a4012455e-d1f5b1f3-3029a859 200
[debug] [2025-02-02T15:17:00.114Z] <<< [apiv2][body] GET https://cloudfunctions.googleapis.com/v2/projects/zenn-hackathon-b8dca/locations/asia-northeast1/operations/operation-1738509347079-62d2a4012455e-d1f5b1f3-3029a859 {"name":"projects/zenn-hackathon-b8dca/locations/asia-northeast1/operations/operation-1738509347079-62d2a4012455e-d1f5b1f3-3029a859","metadata":{"@type":"type.googleapis.com/google.cloud.functions.v2.OperationMetadata","createTime":"2025-02-02T15:15:48.249473252Z","target":"projects/zenn-hackathon-b8dca/locations/asia-northeast1/functions/scheduledGetEventFunction","verb":"update","cancelRequested":false,"apiVersion":"v2","requestResource":{"@type":"type.googleapis.com/google.cloud.functions.v2.Function","name":"projects/zenn-hackathon-b8dca/locations/asia-northeast1/functions/scheduledGetEventFunction","buildConfig":{"runtime":"nodejs18","entryPoint":"scheduledGetEventFunction","source":{"storageSource":{"bucket":"gcf-v2-sources-253129916463-asia-northeast1","object":"scheduledGetEventFunction/function-source.zip","generation":"1738509348211010"}},"environmentVariables":{"GOOGLE_NODE_RUN_SCRIPTS":""},"dockerRepository":"projects/zenn-hackathon-b8dca/locations/asia-northeast1/repositories/gcf-artifacts","serviceAccount":"projects/zenn-hackathon-b8dca/serviceAccounts/253129916463-compute@developer.gserviceaccount.com","automaticUpdatePolicy":{}},"serviceConfig":{"service":"projects/zenn-hackathon-b8dca/locations/asia-northeast1/services/scheduledgeteventfunction","timeoutSeconds":60,"environmentVariables":{"FIREBASE_CONFIG":"{\"projectId\":\"zenn-hackathon-b8dca\",\"databaseURL\":\"https://zenn-hackathon-b8dca-default-rtdb.firebaseio.com\",\"storageBucket\":\"zenn-hackathon-b8dca.firebasestorage.app\"}","GCLOUD_PROJECT":"zenn-hackathon-b8dca","EVENTARC_CLOUD_EVENT_SOURCE":"projects/zenn-hackathon-b8dca/locations/asia-northeast1/services/scheduledGetEventFunction","FUNCTION_TARGET":"scheduledGetEventFunction","LOG_EXECUTION_ID":"true"},"ingressSettings":"ALLOW_ALL","serviceAccountEmail":"253129916463-compute@developer.gserviceaccount.com","availableMemory":"256Mi","allTrafficOnLatestRevision":true,"secretEnvironmentVariables":[{"key":"GOOGLE_GENAI_API_KEY","projectId":"zenn-hackathon-b8dca","secret":"GOOGLE_GENAI_API_KEY","version":"1"}],"revision":"scheduledgeteventfunction-00007-vik","maxInstanceRequestConcurrency":80,"availableCpu":"1"},"state":"ACTIVE","labels":{"deployment-tool":"cloudfunctions","deployment-scheduled":"true","firebase-functions-hash":"3def7590a1a7e5a28fa5ceed2bd151c5a23689eb"},"environment":"GEN_2","url":"https://asia-northeast1-zenn-hackathon-b8dca.cloudfunctions.net/scheduledGetEventFunction"},"stages":[{"name":"BUILD","message":"Build in progress","state":"IN_PROGRESS","resource":"projects/253129916463/locations/asia-northeast1/builds/20d05ba4-4ce0-4ce8-bf89-bb461b59486a","resourceUri":"https://console.cloud.google.com/cloud-build/builds;region=asia-northeast1/20d05ba4-4ce0-4ce8-bf89-bb461b59486a?project=253129916463"},{"name":"SERVICE","state":"NOT_STARTED"}],"operationType":"UPDATE_FUNCTION","buildName":"projects/253129916463/locations/asia-northeast1/builds/20d05ba4-4ce0-4ce8-bf89-bb461b59486a"},"done":false}
[debug] [2025-02-02T15:17:10.115Z] [update-default-asia-northeast1-scheduledGetEventFunction] Retrying task index 0
[debug] [2025-02-02T15:17:10.115Z] >>> [apiv2][query] GET https://cloudfunctions.googleapis.com/v2/projects/zenn-hackathon-b8dca/locations/asia-northeast1/operations/operation-1738509347079-62d2a4012455e-d1f5b1f3-3029a859 [none]
[debug] [2025-02-02T15:17:10.751Z] <<< [apiv2][status] GET https://cloudfunctions.googleapis.com/v2/projects/zenn-hackathon-b8dca/locations/asia-northeast1/operations/operation-1738509347079-62d2a4012455e-d1f5b1f3-3029a859 200
[debug] [2025-02-02T15:17:10.752Z] <<< [apiv2][body] GET https://cloudfunctions.googleapis.com/v2/projects/zenn-hackathon-b8dca/locations/asia-northeast1/operations/operation-1738509347079-62d2a4012455e-d1f5b1f3-3029a859 {"name":"projects/zenn-hackathon-b8dca/locations/asia-northeast1/operations/operation-1738509347079-62d2a4012455e-d1f5b1f3-3029a859","metadata":{"@type":"type.googleapis.com/google.cloud.functions.v2.OperationMetadata","createTime":"2025-02-02T15:15:48.249473252Z","target":"projects/zenn-hackathon-b8dca/locations/asia-northeast1/functions/scheduledGetEventFunction","verb":"update","cancelRequested":false,"apiVersion":"v2","requestResource":{"@type":"type.googleapis.com/google.cloud.functions.v2.Function","name":"projects/zenn-hackathon-b8dca/locations/asia-northeast1/functions/scheduledGetEventFunction","buildConfig":{"runtime":"nodejs18","entryPoint":"scheduledGetEventFunction","source":{"storageSource":{"bucket":"gcf-v2-sources-253129916463-asia-northeast1","object":"scheduledGetEventFunction/function-source.zip","generation":"1738509348211010"}},"environmentVariables":{"GOOGLE_NODE_RUN_SCRIPTS":""},"dockerRepository":"projects/zenn-hackathon-b8dca/locations/asia-northeast1/repositories/gcf-artifacts","serviceAccount":"projects/zenn-hackathon-b8dca/serviceAccounts/253129916463-compute@developer.gserviceaccount.com","automaticUpdatePolicy":{}},"serviceConfig":{"service":"projects/zenn-hackathon-b8dca/locations/asia-northeast1/services/scheduledgeteventfunction","timeoutSeconds":60,"environmentVariables":{"FIREBASE_CONFIG":"{\"projectId\":\"zenn-hackathon-b8dca\",\"databaseURL\":\"https://zenn-hackathon-b8dca-default-rtdb.firebaseio.com\",\"storageBucket\":\"zenn-hackathon-b8dca.firebasestorage.app\"}","GCLOUD_PROJECT":"zenn-hackathon-b8dca","EVENTARC_CLOUD_EVENT_SOURCE":"projects/zenn-hackathon-b8dca/locations/asia-northeast1/services/scheduledGetEventFunction","FUNCTION_TARGET":"scheduledGetEventFunction","LOG_EXECUTION_ID":"true"},"ingressSettings":"ALLOW_ALL","serviceAccountEmail":"253129916463-compute@developer.gserviceaccount.com","availableMemory":"256Mi","allTrafficOnLatestRevision":true,"secretEnvironmentVariables":[{"key":"GOOGLE_GENAI_API_KEY","projectId":"zenn-hackathon-b8dca","secret":"GOOGLE_GENAI_API_KEY","version":"1"}],"revision":"scheduledgeteventfunction-00007-vik","maxInstanceRequestConcurrency":80,"availableCpu":"1"},"state":"ACTIVE","labels":{"deployment-tool":"cloudfunctions","deployment-scheduled":"true","firebase-functions-hash":"3def7590a1a7e5a28fa5ceed2bd151c5a23689eb"},"environment":"GEN_2","url":"https://asia-northeast1-zenn-hackathon-b8dca.cloudfunctions.net/scheduledGetEventFunction"},"stages":[{"name":"BUILD","message":"Build in progress","state":"IN_PROGRESS","resource":"projects/253129916463/locations/asia-northeast1/builds/20d05ba4-4ce0-4ce8-bf89-bb461b59486a","resourceUri":"https://console.cloud.google.com/cloud-build/builds;region=asia-northeast1/20d05ba4-4ce0-4ce8-bf89-bb461b59486a?project=253129916463"},{"name":"SERVICE","state":"NOT_STARTED"}],"operationType":"UPDATE_FUNCTION","buildName":"projects/253129916463/locations/asia-northeast1/builds/20d05ba4-4ce0-4ce8-bf89-bb461b59486a"},"done":false}
[debug] [2025-02-02T15:17:20.753Z] [update-default-asia-northeast1-scheduledGetEventFunction] Retrying task index 0
[debug] [2025-02-02T15:17:20.753Z] >>> [apiv2][query] GET https://cloudfunctions.googleapis.com/v2/projects/zenn-hackathon-b8dca/locations/asia-northeast1/operations/operation-1738509347079-62d2a4012455e-d1f5b1f3-3029a859 [none]
[debug] [2025-02-02T15:17:21.298Z] <<< [apiv2][status] GET https://cloudfunctions.googleapis.com/v2/projects/zenn-hackathon-b8dca/locations/asia-northeast1/operations/operation-1738509347079-62d2a4012455e-d1f5b1f3-3029a859 200
[debug] [2025-02-02T15:17:21.298Z] <<< [apiv2][body] GET https://cloudfunctions.googleapis.com/v2/projects/zenn-hackathon-b8dca/locations/asia-northeast1/operations/operation-1738509347079-62d2a4012455e-d1f5b1f3-3029a859 {"name":"projects/zenn-hackathon-b8dca/locations/asia-northeast1/operations/operation-1738509347079-62d2a4012455e-d1f5b1f3-3029a859","metadata":{"@type":"type.googleapis.com/google.cloud.functions.v2.OperationMetadata","createTime":"2025-02-02T15:15:48.249473252Z","target":"projects/zenn-hackathon-b8dca/locations/asia-northeast1/functions/scheduledGetEventFunction","verb":"update","cancelRequested":false,"apiVersion":"v2","requestResource":{"@type":"type.googleapis.com/google.cloud.functions.v2.Function","name":"projects/zenn-hackathon-b8dca/locations/asia-northeast1/functions/scheduledGetEventFunction","buildConfig":{"runtime":"nodejs18","entryPoint":"scheduledGetEventFunction","source":{"storageSource":{"bucket":"gcf-v2-sources-253129916463-asia-northeast1","object":"scheduledGetEventFunction/function-source.zip","generation":"1738509348211010"}},"environmentVariables":{"GOOGLE_NODE_RUN_SCRIPTS":""},"dockerRepository":"projects/zenn-hackathon-b8dca/locations/asia-northeast1/repositories/gcf-artifacts","serviceAccount":"projects/zenn-hackathon-b8dca/serviceAccounts/253129916463-compute@developer.gserviceaccount.com","automaticUpdatePolicy":{}},"serviceConfig":{"service":"projects/zenn-hackathon-b8dca/locations/asia-northeast1/services/scheduledgeteventfunction","timeoutSeconds":60,"environmentVariables":{"FIREBASE_CONFIG":"{\"projectId\":\"zenn-hackathon-b8dca\",\"databaseURL\":\"https://zenn-hackathon-b8dca-default-rtdb.firebaseio.com\",\"storageBucket\":\"zenn-hackathon-b8dca.firebasestorage.app\"}","GCLOUD_PROJECT":"zenn-hackathon-b8dca","EVENTARC_CLOUD_EVENT_SOURCE":"projects/zenn-hackathon-b8dca/locations/asia-northeast1/services/scheduledGetEventFunction","FUNCTION_TARGET":"scheduledGetEventFunction","LOG_EXECUTION_ID":"true"},"ingressSettings":"ALLOW_ALL","serviceAccountEmail":"253129916463-compute@developer.gserviceaccount.com","availableMemory":"256Mi","allTrafficOnLatestRevision":true,"secretEnvironmentVariables":[{"key":"GOOGLE_GENAI_API_KEY","projectId":"zenn-hackathon-b8dca","secret":"GOOGLE_GENAI_API_KEY","version":"1"}],"revision":"scheduledgeteventfunction-00007-vik","maxInstanceRequestConcurrency":80,"availableCpu":"1"},"state":"ACTIVE","labels":{"deployment-tool":"cloudfunctions","deployment-scheduled":"true","firebase-functions-hash":"3def7590a1a7e5a28fa5ceed2bd151c5a23689eb"},"environment":"GEN_2","url":"https://asia-northeast1-zenn-hackathon-b8dca.cloudfunctions.net/scheduledGetEventFunction"},"stages":[{"name":"BUILD","message":"Build finished","state":"COMPLETE","resource":"projects/253129916463/locations/asia-northeast1/builds/20d05ba4-4ce0-4ce8-bf89-bb461b59486a","resourceUri":"https://console.cloud.google.com/cloud-build/builds;region=asia-northeast1/20d05ba4-4ce0-4ce8-bf89-bb461b59486a?project=253129916463"},{"name":"SERVICE","message":"Updating Cloud Run service","state":"IN_PROGRESS","resource":"projects/zenn-hackathon-b8dca/locations/asia-northeast1/services/scheduledgeteventfunction","resourceUri":"https://console.cloud.google.com/run/detail/asia-northeast1/scheduledgeteventfunction?project=zenn-hackathon-b8dca","stateMessages":[{"severity":"INFO","type":"CloudRunServiceNewRevisionTrafficInfo","message":"A new revision will be deployed serving with 100% traffic."}]}],"sourceToken":"Cltwcm9qZWN0cy8yNTMxMjk5MTY0NjMvbG9jYXRpb25zL2FzaWEtbm9ydGhlYXN0MS9idWlsZHMvMjBkMDViYTQtNGNlMC00Y2U4LWJmODktYmI0NjFiNTk0ODZhEpIBYXNpYS1ub3J0aGVhc3QxLWRvY2tlci5wa2cuZGV2L3plbm4taGFja2F0aG9uLWI4ZGNhL2djZi1hcnRpZmFjdHMvemVubi0taGFja2F0aG9uLS1iOGRjYV9fYXNpYS0tbm9ydGhlYXN0MV9fc2NoZWR1bGVkX2dldF9ldmVudF9mdW5jdGlvbjp2ZXJzaW9uXzEYr4Dg/a4HIltwcm9qZWN0cy96ZW5uLWhhY2thdGhvbi1iOGRjYS9sb2NhdGlvbnMvYXNpYS1ub3J0aGVhc3QxL2Z1bmN0aW9ucy9zY2hlZHVsZWRHZXRFdmVudEZ1bmN0aW9uKgwI+Zj+vAYQqILjqQEyCG5vZGVqczE4OnoKI2djci5pby9nYWUtcnVudGltZXMvbm9kZWpzMTg6c3RhYmxlElNhc2lhLW5vcnRoZWFzdDEtZG9ja2VyLnBrZy5kZXYvc2VydmVybGVzcy1ydW50aW1lcy9nb29nbGUtMjItZnVsbC9ydW50aW1lcy9ub2RlanMxOEAB","operationType":"UPDATE_FUNCTION","buildName":"projects/253129916463/locations/asia-northeast1/builds/20d05ba4-4ce0-4ce8-bf89-bb461b59486a"},"done":false}
[debug] [2025-02-02T15:17:21.298Z] Got source token Cltwcm9qZWN0cy8yNTMxMjk5MTY0NjMvbG9jYXRpb25zL2FzaWEtbm9ydGhlYXN0MS9idWlsZHMvMjBkMDViYTQtNGNlMC00Y2U4LWJmODktYmI0NjFiNTk0ODZhEpIBYXNpYS1ub3J0aGVhc3QxLWRvY2tlci5wa2cuZGV2L3plbm4taGFja2F0aG9uLWI4ZGNhL2djZi1hcnRpZmFjdHMvemVubi0taGFja2F0aG9uLS1iOGRjYV9fYXNpYS0tbm9ydGhlYXN0MV9fc2NoZWR1bGVkX2dldF9ldmVudF9mdW5jdGlvbjp2ZXJzaW9uXzEYr4Dg/a4HIltwcm9qZWN0cy96ZW5uLWhhY2thdGhvbi1iOGRjYS9sb2NhdGlvbnMvYXNpYS1ub3J0aGVhc3QxL2Z1bmN0aW9ucy9zY2hlZHVsZWRHZXRFdmVudEZ1bmN0aW9uKgwI+Zj+vAYQqILjqQEyCG5vZGVqczE4OnoKI2djci5pby9nYWUtcnVudGltZXMvbm9kZWpzMTg6c3RhYmxlElNhc2lhLW5vcnRoZWFzdDEtZG9ja2VyLnBrZy5kZXYvc2VydmVybGVzcy1ydW50aW1lcy9nb29nbGUtMjItZnVsbC9ydW50aW1lcy9ub2RlanMxOEAB for region asia-northeast1
[debug] [2025-02-02T15:17:31.300Z] [update-default-asia-northeast1-scheduledGetEventFunction] Retrying task index 0
[debug] [2025-02-02T15:17:31.300Z] >>> [apiv2][query] GET https://cloudfunctions.googleapis.com/v2/projects/zenn-hackathon-b8dca/locations/asia-northeast1/operations/operation-1738509347079-62d2a4012455e-d1f5b1f3-3029a859 [none]
[debug] [2025-02-02T15:17:31.870Z] <<< [apiv2][status] GET https://cloudfunctions.googleapis.com/v2/projects/zenn-hackathon-b8dca/locations/asia-northeast1/operations/operation-1738509347079-62d2a4012455e-d1f5b1f3-3029a859 200
[debug] [2025-02-02T15:17:31.871Z] <<< [apiv2][body] GET https://cloudfunctions.googleapis.com/v2/projects/zenn-hackathon-b8dca/locations/asia-northeast1/operations/operation-1738509347079-62d2a4012455e-d1f5b1f3-3029a859 {"name":"projects/zenn-hackathon-b8dca/locations/asia-northeast1/operations/operation-1738509347079-62d2a4012455e-d1f5b1f3-3029a859","metadata":{"@type":"type.googleapis.com/google.cloud.functions.v2.OperationMetadata","createTime":"2025-02-02T15:15:48.249473252Z","endTime":"2025-02-02T15:17:27.717462830Z","target":"projects/zenn-hackathon-b8dca/locations/asia-northeast1/functions/scheduledGetEventFunction","verb":"update","cancelRequested":false,"apiVersion":"v2","requestResource":{"@type":"type.googleapis.com/google.cloud.functions.v2.Function","name":"projects/zenn-hackathon-b8dca/locations/asia-northeast1/functions/scheduledGetEventFunction","buildConfig":{"runtime":"nodejs18","entryPoint":"scheduledGetEventFunction","source":{"storageSource":{"bucket":"gcf-v2-sources-253129916463-asia-northeast1","object":"scheduledGetEventFunction/function-source.zip","generation":"1738509348211010"}},"environmentVariables":{"GOOGLE_NODE_RUN_SCRIPTS":""},"dockerRepository":"projects/zenn-hackathon-b8dca/locations/asia-northeast1/repositories/gcf-artifacts","serviceAccount":"projects/zenn-hackathon-b8dca/serviceAccounts/253129916463-compute@developer.gserviceaccount.com","automaticUpdatePolicy":{}},"serviceConfig":{"service":"projects/zenn-hackathon-b8dca/locations/asia-northeast1/services/scheduledgeteventfunction","timeoutSeconds":60,"environmentVariables":{"FIREBASE_CONFIG":"{\"projectId\":\"zenn-hackathon-b8dca\",\"databaseURL\":\"https://zenn-hackathon-b8dca-default-rtdb.firebaseio.com\",\"storageBucket\":\"zenn-hackathon-b8dca.firebasestorage.app\"}","GCLOUD_PROJECT":"zenn-hackathon-b8dca","EVENTARC_CLOUD_EVENT_SOURCE":"projects/zenn-hackathon-b8dca/locations/asia-northeast1/services/scheduledGetEventFunction","FUNCTION_TARGET":"scheduledGetEventFunction","LOG_EXECUTION_ID":"true"},"ingressSettings":"ALLOW_ALL","serviceAccountEmail":"253129916463-compute@developer.gserviceaccount.com","availableMemory":"256Mi","allTrafficOnLatestRevision":true,"secretEnvironmentVariables":[{"key":"GOOGLE_GENAI_API_KEY","projectId":"zenn-hackathon-b8dca","secret":"GOOGLE_GENAI_API_KEY","version":"1"}],"revision":"scheduledgeteventfunction-00007-vik","maxInstanceRequestConcurrency":80,"availableCpu":"1"},"state":"ACTIVE","labels":{"deployment-tool":"cloudfunctions","deployment-scheduled":"true","firebase-functions-hash":"3def7590a1a7e5a28fa5ceed2bd151c5a23689eb"},"environment":"GEN_2","url":"https://asia-northeast1-zenn-hackathon-b8dca.cloudfunctions.net/scheduledGetEventFunction"},"stages":[{"name":"SERVICE","state":"NOT_STARTED"}],"operationType":"UPDATE_FUNCTION"},"done":true,"error":{"code":3,"message":"Could not create or update Cloud Run service scheduledgeteventfunction, Container Healthcheck failed. Revision 'scheduledgeteventfunction-00008-tip' is not ready and cannot serve traffic. The user-provided container failed to start and listen on the port defined provided by the PORT=8080 environment variable within the allocated timeout. This can happen when the container port is misconfigured or if the timeout is too short. The health check timeout can be extended. Logs for this revision might contain more information.\n\nLogs URL: https://console.cloud.google.com/logs/viewer?project=zenn-hackathon-b8dca&resource=cloud_run_revision/service_name/scheduledgeteventfunction/revision_name/scheduledgeteventfunction-00008-tip&advancedFilter=resource.type%3D%22cloud_run_revision%22%0Aresource.labels.service_name%3D%22scheduledgeteventfunction%22%0Aresource.labels.revision_name%3D%22scheduledgeteventfunction-00008-tip%22 \nFor more troubleshooting guidance, see https://cloud.google.com/run/docs/troubleshooting#container-failed-to-start"}}
[debug] [2025-02-02T15:17:31.871Z] Got source token undefined for region asia-northeast1
[error] Could not create or update Cloud Run service scheduledgeteventfunction, Container Healthcheck failed. Revision 'scheduledgeteventfunction-00008-tip' is not ready and cannot serve traffic. The user-provided container failed to start and listen on the port defined provided by the PORT=8080 environment variable within the allocated timeout. This can happen when the container port is misconfigured or if the timeout is too short. The health check timeout can be extended. Logs for this revision might contain more information.

Logs URL: https://console.cloud.google.com/logs/viewer?project=zenn-hackathon-b8dca&resource=cloud_run_revision/service_name/scheduledgeteventfunction/revision_name/scheduledgeteventfunction-00008-tip&advancedFilter=resource.type%3D%22cloud_run_revision%22%0Aresource.labels.service_name%3D%22scheduledgeteventfunction%22%0Aresource.labels.revision_name%3D%22scheduledgeteventfunction-00008-tip%22 
For more troubleshooting guidance, see https://cloud.google.com/run/docs/troubleshooting#container-failed-to-start
[debug] [2025-02-02T15:17:31.877Z] Total Function Deployment time: 105356
[debug] [2025-02-02T15:17:31.877Z] 1 Functions Deployed
[debug] [2025-02-02T15:17:31.877Z] 1 Functions Errored
[debug] [2025-02-02T15:17:31.877Z] 0 Function Deployments Aborted
[debug] [2025-02-02T15:17:31.877Z] Average Function Deployment time: 105356
[info] 
[info] Functions deploy had errors with the following functions:
	scheduledGetEventFunction(asia-northeast1)
[info] i  functions: cleaning up build files... 
[debug] [2025-02-02T15:17:32.067Z] >>> [apiv2][query] DELETE https://artifactregistry.googleapis.com/v1beta2/projects/zenn-hackathon-b8dca/locations/asia-northeast1/repositories/gcf-artifacts/packages/scheduled_get_event_function [none]
[debug] [2025-02-02T15:17:32.068Z] >>> [apiv2][query] GET https://asia.gcr.io/v2/zenn-hackathon-b8dca/gcf/asia-northeast1/tags/list [none]
[debug] [2025-02-02T15:17:32.500Z] <<< [apiv2][status] GET https://asia.gcr.io/v2/zenn-hackathon-b8dca/gcf/asia-northeast1/tags/list 404
[debug] [2025-02-02T15:17:32.500Z] <<< [apiv2][body] GET https://asia.gcr.io/v2/zenn-hackathon-b8dca/gcf/asia-northeast1/tags/list {"errors":[{"code":"NAME_UNKNOWN","message":"Repository \"asia.gcr.io\" not found"}]}
[debug] [2025-02-02T15:17:32.501Z] Failed docker command with error  HTTP Error: 404, Not Found {"name":"FirebaseError","children":[],"context":{"body":{"errors":[{"code":"NAME_UNKNOWN","message":"Repository \"asia.gcr.io\" not found"}],"error":{"message":"Not Found"}},"response":{"statusCode":404}},"exit":1,"message":"HTTP Error: 404, Not Found","status":404}
[debug] [2025-02-02T15:17:32.502Z] >>> [apiv2][query] GET https://asia.gcr.io/v2/zenn-hackathon-b8dca/gcf/asia-northeast1/tags/list [none]
[debug] [2025-02-02T15:17:32.777Z] <<< [apiv2][status] DELETE https://artifactregistry.googleapis.com/v1beta2/projects/zenn-hackathon-b8dca/locations/asia-northeast1/repositories/gcf-artifacts/packages/scheduled_get_event_function 404
[debug] [2025-02-02T15:17:32.777Z] <<< [apiv2][body] DELETE https://artifactregistry.googleapis.com/v1beta2/projects/zenn-hackathon-b8dca/locations/asia-northeast1/repositories/gcf-artifacts/packages/scheduled_get_event_function {"error":{"code":404,"message":"Package \"projects/zenn-hackathon-b8dca/locations/asia-northeast1/repositories/gcf-artifacts/packages/scheduled_get_event_function\" was not found.","status":"NOT_FOUND"}}
[debug] [2025-02-02T15:17:32.881Z] <<< [apiv2][status] GET https://asia.gcr.io/v2/zenn-hackathon-b8dca/gcf/asia-northeast1/tags/list 404
[debug] [2025-02-02T15:17:32.881Z] <<< [apiv2][body] GET https://asia.gcr.io/v2/zenn-hackathon-b8dca/gcf/asia-northeast1/tags/list {"errors":[{"code":"NAME_UNKNOWN","message":"Repository \"asia.gcr.io\" not found"}]}
[debug] [2025-02-02T15:17:32.882Z] Failed docker command with error  HTTP Error: 404, Not Found {"name":"FirebaseError","children":[],"context":{"body":{"errors":[{"code":"NAME_UNKNOWN","message":"Repository \"asia.gcr.io\" not found"}],"error":{"message":"Not Found"}},"response":{"statusCode":404}},"exit":1,"message":"HTTP Error: 404, Not Found","status":404}
[debug] [2025-02-02T15:17:32.983Z] >>> [apiv2][query] GET https://asia.gcr.io/v2/zenn-hackathon-b8dca/gcf/asia-northeast1/tags/list [none]
[debug] [2025-02-02T15:17:33.324Z] <<< [apiv2][status] GET https://asia.gcr.io/v2/zenn-hackathon-b8dca/gcf/asia-northeast1/tags/list 404
[debug] [2025-02-02T15:17:33.324Z] <<< [apiv2][body] GET https://asia.gcr.io/v2/zenn-hackathon-b8dca/gcf/asia-northeast1/tags/list {"errors":[{"code":"NAME_UNKNOWN","message":"Repository \"asia.gcr.io\" not found"}]}
[debug] [2025-02-02T15:17:33.324Z] Failed docker command with error  HTTP Error: 404, Not Found {"name":"FirebaseError","children":[],"context":{"body":{"errors":[{"code":"NAME_UNKNOWN","message":"Repository \"asia.gcr.io\" not found"}],"error":{"message":"Not Found"}},"response":{"statusCode":404}},"exit":1,"message":"HTTP Error: 404, Not Found","status":404}
[warn] ⚠  functions: Unhandled error cleaning up build images. This could result in a small monthly bill if not corrected. You can attempt to delete these images by redeploying or you can delete them manually at https://console.cloud.google.com/gcr/images/zenn-hackathon-b8dca/asia/gcf 
[debug] [2025-02-02T15:17:33.324Z] Functions deploy failed.
[debug] [2025-02-02T15:17:33.324Z] {
  "endpoint": {
    "id": "scheduledGetEventFunction",
    "project": "zenn-hackathon-b8dca",
    "region": "asia-northeast1",
    "entryPoint": "scheduledGetEventFunction",
    "platform": "gcfv2",
    "runtime": "nodejs18",
    "scheduleTrigger": {
      "schedule": "0 0 * * *",
      "timeZone": null,
      "retryConfig": {}
    },
    "labels": {
      "deployment-tool": "cli-firebase"
    },
    "secretEnvironmentVariables": [
      {
        "key": "GOOGLE_GENAI_API_KEY",
        "secret": "GOOGLE_GENAI_API_KEY",
        "projectId": "zenn-hackathon-b8dca",
        "version": "1"
      }
    ],
    "ingressSettings": null,
    "availableMemoryMb": null,
    "serviceAccount": null,
    "timeoutSeconds": null,
    "maxInstances": null,
    "minInstances": null,
    "concurrency": 80,
    "vpc": null,
    "environmentVariables": {
      "FIREBASE_CONFIG": "{\"projectId\":\"zenn-hackathon-b8dca\",\"databaseURL\":\"https://zenn-hackathon-b8dca-default-rtdb.firebaseio.com\",\"storageBucket\":\"zenn-hackathon-b8dca.firebasestorage.app\"}",
      "GCLOUD_PROJECT": "zenn-hackathon-b8dca",
      "EVENTARC_CLOUD_EVENT_SOURCE": "projects/zenn-hackathon-b8dca/locations/asia-northeast1/services/scheduledGetEventFunction",
      "FUNCTION_TARGET": "scheduledGetEventFunction",
      "LOG_EXECUTION_ID": "true"
    },
    "codebase": "default",
    "runServiceId": "scheduledgeteventfunction",
    "cpu": 1,
    "securityLevel": "SECURE_ALWAYS",
    "targetedByOnly": true,
    "hash": "3def7590a1a7e5a28fa5ceed2bd151c5a23689eb"
  },
  "op": "update",
  "original": {
    "name": "FirebaseError",
    "children": [],
    "exit": 1,
    "message": "Could not create or update Cloud Run service scheduledgeteventfunction, Container Healthcheck failed. Revision 'scheduledgeteventfunction-00008-tip' is not ready and cannot serve traffic. The user-provided container failed to start and listen on the port defined provided by the PORT=8080 environment variable within the allocated timeout. This can happen when the container port is misconfigured or if the timeout is too short. The health check timeout can be extended. Logs for this revision might contain more information.\n\nLogs URL: https://console.cloud.google.com/logs/viewer?project=zenn-hackathon-b8dca&resource=cloud_run_revision/service_name/scheduledgeteventfunction/revision_name/scheduledgeteventfunction-00008-tip&advancedFilter=resource.type%3D%22cloud_run_revision%22%0Aresource.labels.service_name%3D%22scheduledgeteventfunction%22%0Aresource.labels.revision_name%3D%22scheduledgeteventfunction-00008-tip%22 \nFor more troubleshooting guidance, see https://cloud.google.com/run/docs/troubleshooting#container-failed-to-start",
    "original": {
      "code": 3,
      "message": "Could not create or update Cloud Run service scheduledgeteventfunction, Container Healthcheck failed. Revision 'scheduledgeteventfunction-00008-tip' is not ready and cannot serve traffic. The user-provided container failed to start and listen on the port defined provided by the PORT=8080 environment variable within the allocated timeout. This can happen when the container port is misconfigured or if the timeout is too short. The health check timeout can be extended. Logs for this revision might contain more information.\n\nLogs URL: https://console.cloud.google.com/logs/viewer?project=zenn-hackathon-b8dca&resource=cloud_run_revision/service_name/scheduledgeteventfunction/revision_name/scheduledgeteventfunction-00008-tip&advancedFilter=resource.type%3D%22cloud_run_revision%22%0Aresource.labels.service_name%3D%22scheduledgeteventfunction%22%0Aresource.labels.revision_name%3D%22scheduledgeteventfunction-00008-tip%22 \nFor more troubleshooting guidance, see https://cloud.google.com/run/docs/troubleshooting#container-failed-to-start"
    },
    "status": 3,
    "code": 3
  }
}
[debug] [2025-02-02T15:17:33.498Z] Error: Failed to update function scheduledGetEventFunction in region asia-northeast1
    at /Users/tishibashi/.anyenv/envs/nodenv/versions/18.20.3/lib/node_modules/firebase-tools/lib/deploy/functions/release/fabricator.js:399:19
    at process.processTicksAndRejections (node:internal/process/task_queues:95:5)
    at async Fabricator.updateV2Function (/Users/tishibashi/.anyenv/envs/nodenv/versions/18.20.3/lib/node_modules/firebase-tools/lib/deploy/functions/release/fabricator.js:388:32)
    at async Fabricator.updateEndpoint (/Users/tishibashi/.anyenv/envs/nodenv/versions/18.20.3/lib/node_modules/firebase-tools/lib/deploy/functions/release/fabricator.js:155:13)
    at async handle (/Users/tishibashi/.anyenv/envs/nodenv/versions/18.20.3/lib/node_modules/firebase-tools/lib/deploy/functions/release/fabricator.js:89:17)
[error] 
[error] Error: There was an error deploying functions
